::1 - - [07/Apr/2020:10:39:30 +0000] "DELETE /api/v1/categories/5 HTTP/1.1" 200 73 "-" "PostmanRuntime/7.24.0"
::1 - - [07/Apr/2020:10:39:35 +0000] "GET /api/v1/categories/5 HTTP/1.1" 200 88 "-" "PostmanRuntime/7.24.0"
::1 - - [07/Apr/2020:10:39:37 +0000] "POST /api/v1/categories/5 HTTP/1.1" 404 159 "-" "PostmanRuntime/7.24.0"
::1 - - [07/Apr/2020:10:57:48 +0000] "GET /api/v1/categories HTTP/1.1" 200 109 "-" "PostmanRuntime/7.24.0"
::1 - - [07/Apr/2020:11:00:44 +0000] "GET /api/v1/categories/11 HTTP/1.1" 200 89 "-" "PostmanRuntime/7.24.0"
::1 - - [07/Apr/2020:11:03:02 +0000] "GET /api/v1/categories HTTP/1.1" 200 109 "-" "PostmanRuntime/7.24.0"
::1 - - [07/Apr/2020:11:18:04 +0000] "GET /api/v1/categories HTTP/1.1" 200 109 "-" "PostmanRuntime/7.24.0"
::1 - - [07/Apr/2020:11:19:30 +0000] "GET /api/v1/categories/12 HTTP/1.1" 200 89 "-" "PostmanRuntime/7.24.0"
::1 - - [07/Apr/2020:11:20:14 +0000] "POST /api/v1/categories HTTP/1.1" 200 68 "-" "PostmanRuntime/7.24.0"
::1 - - [07/Apr/2020:11:20:40 +0000] "PUT /api/v1/categories/1 HTTP/1.1" 200 75 "-" "PostmanRuntime/7.24.0"
::1 - - [07/Apr/2020:11:21:18 +0000] "GET /api/v1/categories/12 HTTP/1.1" 200 89 "-" "PostmanRuntime/7.24.0"
::1 - - [07/Apr/2020:11:21:22 +0000] "PUT /api/v1/categories/1 HTTP/1.1" 200 75 "-" "PostmanRuntime/7.24.0"
::1 - - [07/Apr/2020:11:21:28 +0000] "GET /api/v1/categories HTTP/1.1" 200 109 "-" "PostmanRuntime/7.24.0"
::1 - - [07/Apr/2020:11:25:11 +0000] "DELETE /api/v1/categories/23 HTTP/1.1" 200 74 "-" "PostmanRuntime/7.24.0"
::1 - - [07/Apr/2020:11:26:25 +0000] "PUT /api/v1/categories/1 HTTP/1.1" 200 75 "-" "PostmanRuntime/7.24.0"
::1 - - [09/Apr/2020:10:53:47 +0000] "GET / HTTP/1.1" 404 139 "-" "Mozilla/5.0 (Windows NT 10.0; Win64; x64) AppleWebKit/537.36 (KHTML, like Gecko) Chrome/80.0.3987.163 Safari/537.36"
::1 - - [10/Apr/2020:08:25:04 +0000] "GET /api/v1/categories HTTP/1.1" 200 109 "-" "PostmanRuntime/7.24.0"
::1 - - [10/Apr/2020:08:59:00 +0000] "POST /api/v1/categories HTTP/1.1" 200 68 "-" "PostmanRuntime/7.24.0"
::1 - - [10/Apr/2020:09:07:28 +0000] "POST /api/v1/categories HTTP/1.1" 200 68 "-" "PostmanRuntime/7.24.0"
::1 - - [10/Apr/2020:09:11:06 +0000] "POST /api/v1/categories HTTP/1.1" 200 68 "-" "PostmanRuntime/7.24.0"
::1 - - [10/Apr/2020:09:11:48 +0000] "POST /api/v1/categories HTTP/1.1" 200 68 "-" "PostmanRuntime/7.24.0"
::1 - - [10/Apr/2020:09:16:37 +0000] "POST /api/v1/categories HTTP/1.1" 400 553 "-" "PostmanRuntime/7.24.0"
::1 - - [10/Apr/2020:09:18:03 +0000] "POST /api/v1/categories HTTP/1.1" 200 270 "-" "PostmanRuntime/7.24.0"
::1 - - [10/Apr/2020:09:20:05 +0000] "POST /api/v1/categories HTTP/1.1" 400 279 "-" "PostmanRuntime/7.24.0"
::1 - - [10/Apr/2020:09:21:01 +0000] "POST /api/v1/categories HTTP/1.1" 400 664 "-" "PostmanRuntime/7.24.0"
::1 - - [10/Apr/2020:09:21:53 +0000] "POST /api/v1/categories HTTP/1.1" 200 270 "-" "PostmanRuntime/7.24.0"
::1 - - [10/Apr/2020:09:31:48 +0000] "GET /api/v1/categories HTTP/1.1" 200 519 "-" "PostmanRuntime/7.24.0"
::1 - - [10/Apr/2020:09:33:50 +0000] "GET /api/v1/categories/3333 HTTP/1.1" 200 91 "-" "PostmanRuntime/7.24.0"
::1 - - [10/Apr/2020:09:37:54 +0000] "GET /api/v1/categories/3333 HTTP/1.1" 400 205 "-" "PostmanRuntime/7.24.0"
::1 - - [10/Apr/2020:09:38:07 +0000] "GET /api/v1/categories HTTP/1.1" 200 519 "-" "PostmanRuntime/7.24.0"
::1 - - [10/Apr/2020:09:38:18 +0000] "GET /api/v1/categories/5e9039cb73ad354cb0b20cca HTTP/1.1" 200 270 "-" "PostmanRuntime/7.24.0"
::1 - - [10/Apr/2020:09:38:41 +0000] "GET /api/v1/categories/5e9039cb73ad354cb0b20cc1 HTTP/1.1" 200 28 "-" "PostmanRuntime/7.24.0"
::1 - - [10/Apr/2020:09:41:27 +0000] "GET /api/v1/categories/5e9039cb73ad354cb0b20cc1 HTTP/1.1" 400 95 "-" "PostmanRuntime/7.24.0"
::1 - - [10/Apr/2020:09:41:38 +0000] "GET /api/v1/categories/5e9039cb73ad354cb0b20cca HTTP/1.1" 200 270 "-" "PostmanRuntime/7.24.0"
::1 - - [10/Apr/2020:09:56:55 +0000] "GET /api/v1/categories/5e9039cb73ad354cb0b20cca HTTP/1.1" 200 270 "-" "PostmanRuntime/7.24.0"
::1 - - [10/Apr/2020:09:56:59 +0000] "GET /api/v1/categories/5e9039cb73ad354cb0b20cc1 HTTP/1.1" 400 95 "-" "PostmanRuntime/7.24.0"
::1 - - [10/Apr/2020:09:57:03 +0000] "GET /api/v1/categories/5e9039cb73ad354cb0b20cca HTTP/1.1" 400 95 "-" "PostmanRuntime/7.24.0"
::1 - - [10/Apr/2020:09:57:10 +0000] "GET /api/v1/categories/5e9039cb73ad354cb0b20cca HTTP/1.1" 400 95 "-" "PostmanRuntime/7.24.0"
::1 - - [10/Apr/2020:09:57:21 +0000] "GET /api/v1/categories/5e9039cb73ad354cb0b20cca HTTP/1.1" 400 95 "-" "PostmanRuntime/7.24.0"
::1 - - [10/Apr/2020:09:57:30 +0000] "GET /api/v1/categories/5e9039cb73ad354cb0b20cca HTTP/1.1" 400 95 "-" "PostmanRuntime/7.24.0"
::1 - - [10/Apr/2020:09:57:31 +0000] "GET /api/v1/categories/5e9039cb73ad354cb0b20cca HTTP/1.1" 400 95 "-" "PostmanRuntime/7.24.0"
::1 - - [10/Apr/2020:09:58:20 +0000] "GET /api/v1/categories HTTP/1.1" 200 272 "-" "PostmanRuntime/7.24.0"
::1 - - [10/Apr/2020:09:58:36 +0000] "POST /api/v1/categories HTTP/1.1" 200 272 "-" "PostmanRuntime/7.24.0"
::1 - - [10/Apr/2020:09:58:39 +0000] "GET /api/v1/categories HTTP/1.1" 200 521 "-" "PostmanRuntime/7.24.0"
::1 - - [10/Apr/2020:09:58:50 +0000] "GET /api/v1/categories/5e90434cd433fa11b078ed8a HTTP/1.1" 200 272 "-" "PostmanRuntime/7.24.0"
::1 - - [10/Apr/2020:10:01:21 +0000] "DELETE /api/v1/categories/23 HTTP/1.1" 200 74 "-" "PostmanRuntime/7.24.0"
::1 - - [10/Apr/2020:10:05:26 +0000] "GET /api/v1/categories HTTP/1.1" 200 521 "-" "PostmanRuntime/7.24.0"
::1 - - [10/Apr/2020:10:05:38 +0000] "DELETE /api/v1/categories/5e903ab0a6be03215ca50703 HTTP/1.1" 200 270 "-" "PostmanRuntime/7.24.0"
::1 - - [10/Apr/2020:10:06:00 +0000] "GET /api/v1/categories HTTP/1.1" 200 274 "-" "PostmanRuntime/7.24.0"
::1 - - [10/Apr/2020:10:06:10 +0000] "DELETE /api/v1/categories/32423 HTTP/1.1" 400 208 "-" "PostmanRuntime/7.24.0"
::1 - - [10/Apr/2020:10:06:39 +0000] "DELETE /api/v1/categories/5e90434cd433fa11b078ed83 HTTP/1.1" 400 95 "-" "PostmanRuntime/7.24.0"
::1 - - [10/Apr/2020:10:06:48 +0000] "DELETE /api/v1/categories/5e90434cd433fa11b078ed8 HTTP/1.1" 400 262 "-" "PostmanRuntime/7.24.0"
::1 - - [10/Apr/2020:10:13:11 +0000] "PUT /api/v1/categories/1 HTTP/1.1" 400 196 "-" "PostmanRuntime/7.24.0"
::1 - - [10/Apr/2020:10:13:42 +0000] "PUT /api/v1/categories/5e90434cd433fa11b078ed8a HTTP/1.1" 200 261 "-" "PostmanRuntime/7.24.0"
::1 - - [10/Apr/2020:10:14:11 +0000] "GET /api/v1/categories HTTP/1.1" 200 263 "-" "PostmanRuntime/7.24.0"
::1 - - [10/Apr/2020:10:14:42 +0000] "PUT /api/v1/categories/5e90434cd433fa11b078ed8a HTTP/1.1" 200 268 "-" "PostmanRuntime/7.24.0"
::1 - - [10/Apr/2020:10:15:02 +0000] "PUT /api/v1/categories/5e90434cd433fa11b078ed8a HTTP/1.1" 400 1115 "-" "PostmanRuntime/7.24.0"
::1 - - [10/Apr/2020:10:15:16 +0000] "PUT /api/v1/categories/5e90434cd433fa11b078ed8a HTTP/1.1" 200 268 "-" "PostmanRuntime/7.24.0"
::1 - - [10/Apr/2020:10:15:31 +0000] "PUT /api/v1/categories/5e90434cd433fa11b078ed8a HTTP/1.1" 200 269 "-" "PostmanRuntime/7.24.0"
::1 - - [10/Apr/2020:10:15:43 +0000] "PUT /api/v1/categories/5e90434cd433fa11b078ed8a HTTP/1.1" 200 268 "-" "PostmanRuntime/7.24.0"
::1 - - [10/Apr/2020:10:15:48 +0000] "PUT /api/v1/categories/5e90434cd433fa11b078ed85 HTTP/1.1" 400 95 "-" "PostmanRuntime/7.24.0"
::1 - - [10/Apr/2020:10:15:53 +0000] "PUT /api/v1/categories/5e90434cd433fa11b078ed8a HTTP/1.1" 200 268 "-" "PostmanRuntime/7.24.0"
::1 - - [10/Apr/2020:10:16:37 +0000] "POST /api/v1/categories HTTP/1.1" 200 258 "-" "PostmanRuntime/7.24.0"
::1 - - [10/Apr/2020:10:16:42 +0000] "GET /api/v1/categories HTTP/1.1" 200 505 "-" "PostmanRuntime/7.24.0"
::1 - - [10/Apr/2020:10:18:37 +0000] "POST /api/v1/categories HTTP/1.1" 200 235 "-" "PostmanRuntime/7.24.0"
::1 - - [11/Apr/2020:10:10:39 +0000] "GET /api/v1/categories/5e90434cd433fa11b078ed8a HTTP/1.1" 200 268 "-" "PostmanRuntime/7.24.1"
::1 - - [11/Apr/2020:10:10:46 +0000] "GET /api/v1/categories/5e90434cd433fa11b078ed8213 HTTP/1.1" 500 692 "-" "PostmanRuntime/7.24.1"
::1 - - [11/Apr/2020:10:18:08 +0000] "GET /api/v1/categories/5e90434cd433fa11b078ed8a HTTP/1.1" 200 268 "-" "PostmanRuntime/7.24.1"
::1 - - [11/Apr/2020:10:18:14 +0000] "GET /api/v1/categories/5e90434cd433fa11b078ed8add HTTP/1.1" 500 131 "-" "PostmanRuntime/7.24.1"
::1 - - [11/Apr/2020:10:18:40 +0000] "GET /api/v1/categories/5e90434cd433fa11b078ed8add HTTP/1.1" 500 131 "-" "PostmanRuntime/7.24.1"
::1 - - [11/Apr/2020:10:18:53 +0000] "GET /api/v1/categories/5e90434cd433fa11b078ed8add HTTP/1.1" 500 131 "-" "PostmanRuntime/7.24.1"
::1 - - [11/Apr/2020:10:21:03 +0000] "DELETE /api/v1/categories/5e90434cd433fa11b078ed5 HTTP/1.1" 500 128 "-" "PostmanRuntime/7.24.1"
::1 - - [11/Apr/2020:11:02:02 +0000] "DELETE /api/v1/categories/5e90434cd433fa11b078ed5 HTTP/1.1" 500 128 "-" "PostmanRuntime/7.24.1"
::1 - - [11/Apr/2020:11:03:10 +0000] "GET /api/v1/categories HTTP/1.1" 200 717 "-" "PostmanRuntime/7.24.1"
::1 - - [11/Apr/2020:11:03:23 +0000] "GET /api/v1/categories/5e90434cd433fa11b078ed8a HTTP/1.1" 200 268 "-" "PostmanRuntime/7.24.1"
::1 - - [11/Apr/2020:11:03:36 +0000] "GET /api/v1/categories/5e90434cd433fa11b078ed8b HTTP/1.1" 400 95 "-" "PostmanRuntime/7.24.1"
::1 - - [11/Apr/2020:11:03:49 +0000] "GET /api/v1/categories/5e90434cd433fa11b078ed8b HTTP/1.1" 400 103 "-" "PostmanRuntime/7.24.1"
::1 - - [11/Apr/2020:11:04:34 +0000] "GET /api/v1/categories/5e90434cd433fa11b078ed8b HTTP/1.1" 401 103 "-" "PostmanRuntime/7.24.1"
::1 - - [11/Apr/2020:11:07:11 +0000] "GET /api/v1/categories/5e90434cd433fa11b078ed8b HTTP/1.1" 400 114 "-" "PostmanRuntime/7.24.1"
::1 - - [11/Apr/2020:11:38:09 +0000] "GET /api/v1/categories/5e90434cd433fa11b078ed8b HTTP/1.1" 400 114 "-" "PostmanRuntime/7.24.1"
::1 - - [11/Apr/2020:11:45:10 +0000] "GET /api/v1/categories/5e90434cd433fa11b078ed8a HTTP/1.1" 200 268 "-" "PostmanRuntime/7.24.1"
::1 - - [11/Apr/2020:11:45:17 +0000] "GET /api/v1/categories/5e90434cd433fa11b078ed8b HTTP/1.1" 403 106 "-" "PostmanRuntime/7.24.1"
::1 - - [11/Apr/2020:11:48:24 +0000] "GET /api/v1/categories/5e90434cd433fa11b078ed8b HTTP/1.1" 403 106 "-" "PostmanRuntime/7.24.1"
::1 - - [11/Apr/2020:11:48:44 +0000] "GET /api/v1/categories/5e90434cd433fa11b078ed8b HTTP/1.1" 400 106 "-" "PostmanRuntime/7.24.1"
::1 - - [11/Apr/2020:11:53:09 +0000] "GET /api/v1/categories/5e90434cd433fa11b078ed8basdf HTTP/1.1" 500 144 "-" "PostmanRuntime/7.24.1"
::1 - - [11/Apr/2020:11:54:13 +0000] "GET /api/v1/categories/5e90434cd433fa11b078ed8basdf HTTP/1.1" 500 144 "-" "PostmanRuntime/7.24.1"
::1 - - [11/Apr/2020:11:54:47 +0000] "GET /api/v1/categories/5e90434cd433fa11b078ed8basdf HTTP/1.1" 500 144 "-" "PostmanRuntime/7.24.1"
::1 - - [11/Apr/2020:11:59:44 +0000] "POST /api/v1/categories HTTP/1.1" 500 220 "-" "PostmanRuntime/7.24.1"
::1 - - [11/Apr/2020:12:02:25 +0000] "GET /api/v1/categories/5e90434cd433fa11b078ed8basdf HTTP/1.1" 500 144 "-" "PostmanRuntime/7.24.1"
::1 - - [11/Apr/2020:12:02:33 +0000] "GET /api/v1/categories/5e90434cd433fa11b078ed8 HTTP/1.1" 500 139 "-" "PostmanRuntime/7.24.1"
::1 - - [11/Apr/2020:12:02:42 +0000] "GET /api/v1/categories/5e90434cd433fa11b078ed8a HTTP/1.1" 200 268 "-" "PostmanRuntime/7.24.1"
::1 - - [11/Apr/2020:12:02:46 +0000] "GET /api/v1/categories/5e90434cd433fa11b078ed8b HTTP/1.1" 400 106 "-" "PostmanRuntime/7.24.1"
::1 - - [11/Apr/2020:12:04:25 +0000] "GET /api/v1/categories/5e90434cd433fa11b078ed8a HTTP/1.1" 200 268 "-" "PostmanRuntime/7.24.1"
::1 - - [11/Apr/2020:12:04:33 +0000] "GET /api/v1/categories/5e90434cd433fa11b078ed8add HTTP/1.1" 500 142 "-" "PostmanRuntime/7.24.1"
::1 - - [11/Apr/2020:12:06:31 +0000] "GET /api/v1/categories/5e90434cd433fa11b078ed8add HTTP/1.1" 400 91 "-" "PostmanRuntime/7.24.1"
::1 - - [11/Apr/2020:12:07:09 +0000] "POST /api/v1/categories HTTP/1.1" 500 209 "-" "PostmanRuntime/7.24.1"
::1 - - [11/Apr/2020:12:10:45 +0000] "POST /api/v1/categories HTTP/1.1" 500 858 "-" "PostmanRuntime/7.24.1"
::1 - - [11/Apr/2020:12:11:13 +0000] "GET /api/v1/categories/5e90434cd433fa11b078ed8add HTTP/1.1" 400 237 "-" "PostmanRuntime/7.24.1"
::1 - - [11/Apr/2020:12:11:39 +0000] "GET /api/v1/categories/5e90434cd433fa11b078ed8add HTTP/1.1" 400 237 "-" "PostmanRuntime/7.24.1"
::1 - - [11/Apr/2020:12:11:46 +0000] "POST /api/v1/categories HTTP/1.1" 500 858 "-" "PostmanRuntime/7.24.1"
::1 - - [11/Apr/2020:12:13:04 +0000] "POST /api/v1/categories HTTP/1.1" 500 209 "-" "PostmanRuntime/7.24.1"
::1 - - [11/Apr/2020:12:14:56 +0000] "POST /api/v1/categories HTTP/1.1" 500 858 "-" "PostmanRuntime/7.24.1"
::1 - - [11/Apr/2020:12:15:56 +0000] "GET /api/v1/categories/5e90434cd433fa11b078ed8add HTTP/1.1" 400 237 "-" "PostmanRuntime/7.24.1"
::1 - - [11/Apr/2020:12:20:28 +0000] "POST /api/v1/categories HTTP/1.1" 500 553 "-" "PostmanRuntime/7.24.1"
::1 - - [11/Apr/2020:12:21:10 +0000] "POST /api/v1/categories HTTP/1.1" 500 279 "-" "PostmanRuntime/7.24.1"
::1 - - [11/Apr/2020:12:23:14 +0000] "POST /api/v1/categories HTTP/1.1" 400 296 "-" "PostmanRuntime/7.24.1"
::1 - - [11/Apr/2020:12:24:00 +0000] "POST /api/v1/categories HTTP/1.1" 400 296 "-" "PostmanRuntime/7.24.1"
::1 - - [11/Apr/2020:12:25:34 +0000] "POST /api/v1/categories HTTP/1.1" 500 391 "-" "PostmanRuntime/7.24.1"
::1 - - [11/Apr/2020:12:31:40 +0000] "POST /api/v1/categories HTTP/1.1" 500 391 "-" "PostmanRuntime/7.24.1"
::1 - - [11/Apr/2020:12:31:43 +0000] "GET /api/v1/categories HTTP/1.1" 200 717 "-" "PostmanRuntime/7.24.1"
::1 - - [11/Apr/2020:12:31:45 +0000] "GET /api/v1/categories/5e90434cd433fa11b078ed8add HTTP/1.1" 500 237 "-" "PostmanRuntime/7.24.1"
::1 - - [11/Apr/2020:12:31:48 +0000] "POST /api/v1/categories HTTP/1.1" 500 391 "-" "PostmanRuntime/7.24.1"
::1 - - [11/Apr/2020:12:31:52 +0000] "PUT /api/v1/categories/5e90434cd433fa11b078ed8a HTTP/1.1" 200 268 "-" "PostmanRuntime/7.24.1"
::1 - - [11/Apr/2020:12:31:56 +0000] "DELETE /api/v1/categories/23 HTTP/1.1" 500 189 "-" "PostmanRuntime/7.24.1"
::1 - - [12/Apr/2020:10:39:05 +0000] "GET /api/v1/categories HTTP/1.1" 200 717 "-" "PostmanRuntime/7.24.1"
::1 - - [12/Apr/2020:10:46:34 +0000] "GET /api/v1/categories HTTP/1.1" 200 717 "-" "PostmanRuntime/7.24.1"
::1 - - [12/Apr/2020:11:17:37 +0000] "GET /api/v1/categories HTTP/1.1" 200 26 "-" "PostmanRuntime/7.24.1"
::1 - - [12/Apr/2020:11:17:56 +0000] "GET /api/v1/categories HTTP/1.1" 200 717 "-" "PostmanRuntime/7.24.1"
::1 - - [12/Apr/2020:11:18:09 +0000] "DELETE /api/v1/categories/5e90478549941f52dcb01b34 HTTP/1.1" 200 258 "-" "PostmanRuntime/7.24.1"
::1 - - [12/Apr/2020:11:18:15 +0000] "GET /api/v1/categories HTTP/1.1" 200 482 "-" "PostmanRuntime/7.24.1"
::1 - - [12/Apr/2020:11:18:55 +0000] "GET /api/v1/categories HTTP/1.1" 200 717 "-" "PostmanRuntime/7.24.1"
::1 - - [14/Apr/2020:11:47:32 +0000] "GET /api/v1/categories/5e90434cd433fa11b078ed8a HTTP/1.1" 200 268 "-" "PostmanRuntime/7.24.1"
::1 - - [14/Apr/2020:11:48:19 +0000] "PUT /api/v1/categories/5e90434cd433fa11b078ed8a HTTP/1.1" 200 268 "-" "PostmanRuntime/7.24.1"
::1 - - [14/Apr/2020:11:48:35 +0000] "PUT /api/v1/categories/5e90434cd433fa11b078ed8a HTTP/1.1" 200 271 "-" "PostmanRuntime/7.24.1"
::1 - - [14/Apr/2020:11:48:47 +0000] "PUT /api/v1/categories/5e90434cd433fa11b078ed8a HTTP/1.1" 200 268 "-" "PostmanRuntime/7.24.1"
::1 - - [14/Apr/2020:12:06:03 +0000] "GET /api/v1/categories HTTP/1.1" 200 26 "-" "PostmanRuntime/7.24.1"
::1 - - [14/Apr/2020:12:06:15 +0000] "POST /api/v1/categories HTTP/1.1" 200 272 "-" "PostmanRuntime/7.24.1"
::1 - - [14/Apr/2020:12:08:25 +0000] "POST /api/v1/categories HTTP/1.1" 200 272 "-" "PostmanRuntime/7.24.1"
::1 - - [14/Apr/2020:12:08:57 +0000] "POST /api/v1/categories HTTP/1.1" 500 391 "-" "PostmanRuntime/7.24.1"
::1 - - [14/Apr/2020:12:09:00 +0000] "POST /api/v1/categories HTTP/1.1" 200 273 "-" "PostmanRuntime/7.24.1"
::1 - - [14/Apr/2020:12:09:38 +0000] "POST /api/v1/categories HTTP/1.1" 200 274 "-" "PostmanRuntime/7.24.1"
::1 - - [14/Apr/2020:12:10:00 +0000] "POST /api/v1/categories HTTP/1.1" 200 275 "-" "PostmanRuntime/7.24.1"
::1 - - [14/Apr/2020:12:10:52 +0000] "POST /api/v1/categories HTTP/1.1" 200 301 "-" "PostmanRuntime/7.24.1"
::1 - - [14/Apr/2020:12:11:02 +0000] "POST /api/v1/categories HTTP/1.1" 200 319 "-" "PostmanRuntime/7.24.1"
::1 - - [14/Apr/2020:12:30:12 +0000] "POST /api/v1/categories HTTP/1.1" 200 266 "-" "PostmanRuntime/7.24.1"
::ffff:127.0.0.1 - - [14/Apr/2020:12:35:26 +0000] "POST /api/v1/categories HTTP/1.1" 200 264 "-" "PostmanRuntime/7.24.1"
::1 - - [14/Apr/2020:12:36:40 +0000] "POST /api/v1/categories HTTP/1.1" 200 293 "-" "PostmanRuntime/7.24.1"
::1 - - [14/Apr/2020:12:36:53 +0000] "POST /api/v1/categories HTTP/1.1" 200 314 "-" "PostmanRuntime/7.24.1"
::1 - - [14/Apr/2020:12:37:44 +0000] "GET /api/v1/categories HTTP/1.1" 200 586 "-" "PostmanRuntime/7.24.1"
::1 - - [15/Apr/2020:08:10:02 +0000] "GET /api/v1/categories?name=uu&qty=32 HTTP/1.1" 200 586 "-" "PostmanRuntime/7.24.1"
::1 - - [15/Apr/2020:08:11:04 +0000] "GET /api/v1/categories?name=uu&qty=32 HTTP/1.1" 200 586 "-" "PostmanRuntime/7.24.1"
::1 - - [15/Apr/2020:08:12:21 +0000] "GET /api/v1/categories?name=uu&qty=32 HTTP/1.1" 200 26 "-" "PostmanRuntime/7.24.1"
::1 - - [15/Apr/2020:08:12:33 +0000] "GET /api/v1/categories?name=%D0%A3%D1%80%D0%B0%D0%BD%20%D0%B7%D0%BE%D1%85%D0%B8%D0%BE%D0%BB HTTP/1.1" 200 295 "-" "PostmanRuntime/7.24.1"
::1 - - [15/Apr/2020:08:12:44 +0000] "GET /api/v1/categories HTTP/1.1" 200 586 "-" "PostmanRuntime/7.24.1"
::1 - - [15/Apr/2020:08:17:52 +0000] "GET /api/v1/categories?avgPrice[lte]=1000 HTTP/1.1" 200 26 "-" "PostmanRuntime/7.24.1"
::1 - - [15/Apr/2020:08:21:12 +0000] "POST /api/v1/categories HTTP/1.1" 200 332 "-" "PostmanRuntime/7.24.1"
::1 - - [15/Apr/2020:08:21:41 +0000] "GET /api/v1/categories?averagePrice[lte]=1000 HTTP/1.1" 500 314 "-" "PostmanRuntime/7.24.1"
::1 - - [15/Apr/2020:08:22:29 +0000] "GET /api/v1/categories?averagePrice[$lte]=1000 HTTP/1.1" 200 26 "-" "PostmanRuntime/7.24.1"
::1 - - [15/Apr/2020:08:23:52 +0000] "GET /api/v1/categories?averagePrice[$lte]=1000 HTTP/1.1" 200 26 "-" "PostmanRuntime/7.24.1"
::1 - - [15/Apr/2020:08:24:18 +0000] "GET /api/v1/categories?averagePrice[$gte]=1000 HTTP/1.1" 200 334 "-" "PostmanRuntime/7.24.1"
::1 - - [15/Apr/2020:08:24:46 +0000] "POST /api/v1/categories HTTP/1.1" 200 318 "-" "PostmanRuntime/7.24.1"
::1 - - [15/Apr/2020:08:25:04 +0000] "GET /api/v1/categories HTTP/1.1" 200 629 "-" "PostmanRuntime/7.24.1"
::1 - - [15/Apr/2020:08:25:25 +0000] "GET /api/v1/categories?averagePrice[$gte]=50000 HTTP/1.1" 200 320 "-" "PostmanRuntime/7.24.1"
::1 - - [15/Apr/2020:08:25:31 +0000] "GET /api/v1/categories?averagePrice[$lte]=50000 HTTP/1.1" 200 334 "-" "PostmanRuntime/7.24.1"
::1 - - [15/Apr/2020:08:26:44 +0000] "GET /api/v1/categories?averagePrice[$lte]=50000 HTTP/1.1" 500 28 "-" "PostmanRuntime/7.24.1"
::1 - - [15/Apr/2020:08:27:09 +0000] "GET /api/v1/categories?averagePrice[$lte]=50000 HTTP/1.1" 200 334 "-" "PostmanRuntime/7.24.1"
::1 - - [15/Apr/2020:08:27:30 +0000] "GET /api/v1/categories?averagePrice[$lte]=50000 HTTP/1.1" 200 334 "-" "PostmanRuntime/7.24.1"
::1 - - [15/Apr/2020:08:28:04 +0000] "GET /api/v1/categories?averagePrice[$lte]=50000 HTTP/1.1" 500 28 "-" "PostmanRuntime/7.24.1"
::1 - - [15/Apr/2020:08:30:34 +0000] "GET /api/v1/categories?averagePrice[$lte]=50000 HTTP/1.1" 200 334 "-" "PostmanRuntime/7.24.1"
::1 - - [15/Apr/2020:08:30:46 +0000] "GET /api/v1/categories?averagePrice[$lte]=43514 HTTP/1.1" 200 334 "-" "PostmanRuntime/7.24.1"
::1 - - [15/Apr/2020:08:30:50 +0000] "GET /api/v1/categories?averagePrice[$lt]=43514 HTTP/1.1" 200 26 "-" "PostmanRuntime/7.24.1"
::1 - - [15/Apr/2020:08:30:55 +0000] "GET /api/v1/categories?averagePrice[$lte]=43514 HTTP/1.1" 200 334 "-" "PostmanRuntime/7.24.1"
::1 - - [15/Apr/2020:08:36:11 +0000] "GET /api/v1/categories?name=%D0%A3%D1%80%D0%B0%D0%BD%20%D0%B7%D0%BE%D1%85%D0%B8%D0%BE%D0%BB HTTP/1.1" 200 334 "-" "PostmanRuntime/7.24.1"
::1 - - [15/Apr/2020:08:50:12 +0000] "POST /api/v1/categories HTTP/1.1" 200 332 "-" "PostmanRuntime/7.24.1"
::1 - - [15/Apr/2020:08:55:00 +0000] "GET /api/v1/categories HTTP/1.1" 200 893 "-" "PostmanRuntime/7.24.1"
::1 - - [15/Apr/2020:08:55:55 +0000] "POST /api/v1/categories HTTP/1.1" 200 352 "-" "PostmanRuntime/7.24.1"
::1 - - [15/Apr/2020:08:56:00 +0000] "GET /api/v1/categories HTTP/1.1" 200 1222 "-" "PostmanRuntime/7.24.1"
::1 - - [15/Apr/2020:08:57:46 +0000] "GET /api/v1/categories?name=%D0%91%D0%B8%D0%B7%D0%BD%D0%B5%D1%81&averagePrice=10000 HTTP/1.1" 200 1222 "-" "PostmanRuntime/7.24.1"
::1 - - [15/Apr/2020:08:59:03 +0000] "GET /api/v1/categories?name=%D0%91%D0%B8%D0%B7%D0%BD%D0%B5%D1%81&averagePrice=10000 HTTP/1.1" 200 1222 "-" "PostmanRuntime/7.24.1"
::1 - - [15/Apr/2020:08:59:46 +0000] "GET /api/v1/categories?name=%D0%91%D0%B8%D0%B7%D0%BD%D0%B5%D1%81 HTTP/1.1" 200 292 "-" "PostmanRuntime/7.24.1"
::1 - - [15/Apr/2020:08:59:56 +0000] "GET /api/v1/categories?name=%D0%A3%D1%80%D0%B0%D0%BD%20%D0%B7%D0%BE%D1%85%D0%B8%D0%BE%D0%BB HTTP/1.1" 200 330 "-" "PostmanRuntime/7.24.1"
::1 - - [15/Apr/2020:09:01:30 +0000] "GET /api/v1/categories?averagePrice[$gte]=40000 HTTP/1.1" 200 588 "-" "PostmanRuntime/7.24.1"
::1 - - [15/Apr/2020:09:02:34 +0000] "GET /api/v1/categories?averagePrice[$lt]=40000 HTTP/1.1" 200 659 "-" "PostmanRuntime/7.24.1"
::1 - - [15/Apr/2020:09:04:23 +0000] "GET /api/v1/categories?averagePrice[$lt]=40000&averageRating[$gte]=7 HTTP/1.1" 200 354 "-" "PostmanRuntime/7.24.1"
::1 - - [15/Apr/2020:09:04:46 +0000] "GET /api/v1/categories?averagePrice[$lt]=40000 HTTP/1.1" 200 659 "-" "PostmanRuntime/7.24.1"
::1 - - [15/Apr/2020:09:52:35 +0000] "GET /api/v1/categories?averagePrice[$lt]=40000&select=name,slug HTTP/1.1" 200 26 "-" "PostmanRuntime/7.24.1"
::1 - - [15/Apr/2020:09:53:32 +0000] "GET /api/v1/categories?averagePrice[$lt]=40000&select=name,slug HTTP/1.1" 200 1222 "-" "PostmanRuntime/7.24.1"
::1 - - [15/Apr/2020:09:53:48 +0000] "GET /api/v1/categories?averagePrice[$lt]=40000&select=name,slug HTTP/1.1" 200 1222 "-" "PostmanRuntime/7.24.1"
::1 - - [15/Apr/2020:09:55:28 +0000] "GET /api/v1/categories?averagePrice[$lt]=40000&select=name,slug HTTP/1.1" 200 659 "-" "PostmanRuntime/7.24.1"
::1 - - [15/Apr/2020:09:55:40 +0000] "GET /api/v1/categories?averagePrice[$lt]=40000&select=name,slug HTTP/1.1" 200 659 "-" "PostmanRuntime/7.24.1"
::1 - - [15/Apr/2020:09:57:03 +0000] "GET /api/v1/categories?averagePrice[$lt]=40000&select=name,slug HTTP/1.1" 500 128 "-" "PostmanRuntime/7.24.1"
::1 - - [15/Apr/2020:09:57:29 +0000] "GET /api/v1/categories?averagePrice[$lt]=40000&select=name,slug HTTP/1.1" 200 659 "-" "PostmanRuntime/7.24.1"
::1 - - [15/Apr/2020:10:05:02 +0000] "GET /api/v1/categories?averagePrice[$lt]=40000&select=name,slug HTTP/1.1" 200 161 "-" "PostmanRuntime/7.24.1"
::1 - - [15/Apr/2020:10:05:51 +0000] "GET /api/v1/categories?averagePrice[$lt]=40000&select=name:1,slug:1 HTTP/1.1" 200 161 "-" "PostmanRuntime/7.24.1"
::1 - - [15/Apr/2020:10:06:22 +0000] "GET /api/v1/categories?averagePrice[$lt]=40000&select=name:1,slug:1 HTTP/1.1" 500 28 "-" "PostmanRuntime/7.24.1"
::1 - - [15/Apr/2020:10:06:52 +0000] "GET /api/v1/categories?averagePrice[$lt]=40000&select=name,slug HTTP/1.1" 500 28 "-" "PostmanRuntime/7.24.1"
::1 - - [15/Apr/2020:10:07:54 +0000] "GET /api/v1/categories?averagePrice[$lt]=40000&select=name%20slug HTTP/1.1" 200 207 "-" "PostmanRuntime/7.24.1"
::1 - - [15/Apr/2020:10:08:02 +0000] "GET /api/v1/categories?averagePrice[$lt]=40000&select=name%20slug%20description HTTP/1.1" 200 444 "-" "PostmanRuntime/7.24.1"
::1 - - [15/Apr/2020:10:22:34 +0000] "GET /api/v1/categories?averagePrice[$lt]=40000&select=name%20slug%20description HTTP/1.1" 200 444 "-" "Mozilla/5.0 (Windows NT 10.0; Win64; x64) AppleWebKit/537.36 (KHTML, like Gecko) Chrome/80.0.3987.163 Safari/537.36"
::1 - - [15/Apr/2020:10:22:34 +0000] "GET /favicon.ico HTTP/1.1" 404 150 "http://localhost:8000/api/v1/categories?averagePrice[$lt]=40000&select=name%20slug%20description" "Mozilla/5.0 (Windows NT 10.0; Win64; x64) AppleWebKit/537.36 (KHTML, like Gecko) Chrome/80.0.3987.163 Safari/537.36"
::1 - - [15/Apr/2020:10:22:40 +0000] "GET /api/v1/categories?averagePrice[$lt]=40000&select=name%20slug HTTP/1.1" 200 207 "-" "Mozilla/5.0 (Windows NT 10.0; Win64; x64) AppleWebKit/537.36 (KHTML, like Gecko) Chrome/80.0.3987.163 Safari/537.36"
::1 - - [15/Apr/2020:10:23:02 +0000] "GET /api/v1/categories?averagePrice[$lt]=40000&select=name%20slug%20description HTTP/1.1" 304 - "-" "Mozilla/5.0 (Windows NT 10.0; Win64; x64) AppleWebKit/537.36 (KHTML, like Gecko) Chrome/80.0.3987.163 Safari/537.36"
::1 - - [15/Apr/2020:10:25:53 +0000] "GET /api/v1/categories?averagePrice[$lt]=40000 HTTP/1.1" 200 659 "-" "Mozilla/5.0 (Windows NT 10.0; Win64; x64) AppleWebKit/537.36 (KHTML, like Gecko) Chrome/80.0.3987.163 Safari/537.36"
::1 - - [15/Apr/2020:10:26:27 +0000] "GET /api/v1/categories HTTP/1.1" 200 1222 "-" "PostmanRuntime/7.24.1"
::1 - - [15/Apr/2020:10:26:35 +0000] "GET /api/v1/categories?select=name HTTP/1.1" 200 285 "-" "PostmanRuntime/7.24.1"
::1 - - [15/Apr/2020:10:27:56 +0000] "GET /api/v1/categories?averagePrice[$lt]=40000&select=name%20slug&sort=-averagePrice HTTP/1.1" 200 26 "-" "Mozilla/5.0 (Windows NT 10.0; Win64; x64) AppleWebKit/537.36 (KHTML, like Gecko) Chrome/80.0.3987.163 Safari/537.36"
::1 - - [15/Apr/2020:10:28:05 +0000] "GET /api/v1/categories?averagePrice[$lt]=40000&select=name%20slug&sort=-averagePrice HTTP/1.1" 304 - "-" "Mozilla/5.0 (Windows NT 10.0; Win64; x64) AppleWebKit/537.36 (KHTML, like Gecko) Chrome/80.0.3987.163 Safari/537.36"
::1 - - [15/Apr/2020:10:28:10 +0000] "GET /api/v1/categories?averagePrice[$lt]=40000&select=name%20slug&sort=averagePrice HTTP/1.1" 200 26 "-" "Mozilla/5.0 (Windows NT 10.0; Win64; x64) AppleWebKit/537.36 (KHTML, like Gecko) Chrome/80.0.3987.163 Safari/537.36"
::1 - - [15/Apr/2020:10:28:26 +0000] "GET /api/v1/categories?averagePrice[$lt]=40000&select=name%20slug&sort=averagePrice HTTP/1.1" 200 207 "-" "Mozilla/5.0 (Windows NT 10.0; Win64; x64) AppleWebKit/537.36 (KHTML, like Gecko) Chrome/80.0.3987.163 Safari/537.36"
::1 - - [15/Apr/2020:10:28:38 +0000] "GET /api/v1/categories?averagePrice[$lt]=40000&select=name%20slug%20averagePrice&sort=averagePrice HTTP/1.1" 200 249 "-" "Mozilla/5.0 (Windows NT 10.0; Win64; x64) AppleWebKit/537.36 (KHTML, like Gecko) Chrome/80.0.3987.163 Safari/537.36"
::1 - - [15/Apr/2020:10:28:44 +0000] "GET /api/v1/categories?averagePrice[$lt]=40000&select=name%20slug%20averagePrice&sort=-averagePrice HTTP/1.1" 200 249 "-" "Mozilla/5.0 (Windows NT 10.0; Win64; x64) AppleWebKit/537.36 (KHTML, like Gecko) Chrome/80.0.3987.163 Safari/537.36"
::1 - - [15/Apr/2020:10:28:57 +0000] "GET /api/v1/categories?averagePrice[$lt]=40000&select=name%20slug%20averagePrice HTTP/1.1" 200 249 "-" "Mozilla/5.0 (Windows NT 10.0; Win64; x64) AppleWebKit/537.36 (KHTML, like Gecko) Chrome/80.0.3987.163 Safari/537.36"
::1 - - [15/Apr/2020:10:29:27 +0000] "GET /api/v1/categories?select=name%20slug%20averagePrice HTTP/1.1" 200 453 "-" "Mozilla/5.0 (Windows NT 10.0; Win64; x64) AppleWebKit/537.36 (KHTML, like Gecko) Chrome/80.0.3987.163 Safari/537.36"
::1 - - [15/Apr/2020:10:29:38 +0000] "GET /api/v1/categories?select=name%20slug%20averagePrice&sort=-averagePrice HTTP/1.1" 200 453 "-" "Mozilla/5.0 (Windows NT 10.0; Win64; x64) AppleWebKit/537.36 (KHTML, like Gecko) Chrome/80.0.3987.163 Safari/537.36"
::1 - - [15/Apr/2020:10:29:54 +0000] "GET /api/v1/categories?select=name%20slug%20averagePrice&sort=-averagePrice,slug HTTP/1.1" 200 453 "-" "Mozilla/5.0 (Windows NT 10.0; Win64; x64) AppleWebKit/537.36 (KHTML, like Gecko) Chrome/80.0.3987.163 Safari/537.36"
::1 - - [15/Apr/2020:10:29:59 +0000] "GET /api/v1/categories?select=name%20slug%20averagePrice&sort=-averagePrice,-slug HTTP/1.1" 200 453 "-" "Mozilla/5.0 (Windows NT 10.0; Win64; x64) AppleWebKit/537.36 (KHTML, like Gecko) Chrome/80.0.3987.163 Safari/537.36"
::1 - - [15/Apr/2020:10:30:05 +0000] "GET /api/v1/categories?select=name%20slug%20averagePrice&sort=-slug HTTP/1.1" 200 453 "-" "Mozilla/5.0 (Windows NT 10.0; Win64; x64) AppleWebKit/537.36 (KHTML, like Gecko) Chrome/80.0.3987.163 Safari/537.36"
::1 - - [15/Apr/2020:10:30:12 +0000] "GET /api/v1/categories?select=name%20slug%20averagePrice&sort=slug HTTP/1.1" 200 453 "-" "Mozilla/5.0 (Windows NT 10.0; Win64; x64) AppleWebKit/537.36 (KHTML, like Gecko) Chrome/80.0.3987.163 Safari/537.36"
::1 - - [15/Apr/2020:10:30:20 +0000] "GET /api/v1/categories?select=name%20slug%20averagePrice&sort=slug&-averagePrice HTTP/1.1" 200 26 "-" "Mozilla/5.0 (Windows NT 10.0; Win64; x64) AppleWebKit/537.36 (KHTML, like Gecko) Chrome/80.0.3987.163 Safari/537.36"
::1 - - [15/Apr/2020:10:30:25 +0000] "GET /api/v1/categories?select=name%20slug%20averagePrice&sort=slug,-averagePrice HTTP/1.1" 200 453 "-" "Mozilla/5.0 (Windows NT 10.0; Win64; x64) AppleWebKit/537.36 (KHTML, like Gecko) Chrome/80.0.3987.163 Safari/537.36"
::1 - - [15/Apr/2020:10:30:47 +0000] "GET /api/v1/categories?select=name%20slug%20averagePrice%20averageRating&sort=slug,-averagePrice HTTP/1.1" 200 525 "-" "Mozilla/5.0 (Windows NT 10.0; Win64; x64) AppleWebKit/537.36 (KHTML, like Gecko) Chrome/80.0.3987.163 Safari/537.36"
::1 - - [15/Apr/2020:10:30:58 +0000] "GET /api/v1/categories?select=name HTTP/1.1" 200 285 "-" "PostmanRuntime/7.24.1"
::1 - - [15/Apr/2020:10:31:06 +0000] "GET /api/v1/categories?select=name,averageRating HTTP/1.1" 200 165 "-" "PostmanRuntime/7.24.1"
::1 - - [15/Apr/2020:10:31:25 +0000] "GET /api/v1/categories?select=name%20averageRating HTTP/1.1" 200 357 "-" "PostmanRuntime/7.24.1"
::1 - - [15/Apr/2020:10:32:46 +0000] "GET /api/v1/categories HTTP/1.1" 200 1222 "-" "PostmanRuntime/7.24.1"
::1 - - [15/Apr/2020:10:33:38 +0000] "PUT /api/v1/categories/5e9047fd49941f52dcb01b35 HTTP/1.1" 200 290 "-" "PostmanRuntime/7.24.1"
::1 - - [15/Apr/2020:10:33:43 +0000] "GET /api/v1/categories HTTP/1.1" 200 1222 "-" "PostmanRuntime/7.24.1"
::1 - - [15/Apr/2020:10:34:06 +0000] "GET /api/v1/categories?select=name%20averagePrice%20averageRating HTTP/1.1" 200 441 "-" "PostmanRuntime/7.24.1"
::1 - - [15/Apr/2020:10:34:22 +0000] "GET /api/v1/categories?select=name%20averagePrice%20averageRating&sort=averageRating HTTP/1.1" 200 441 "-" "PostmanRuntime/7.24.1"
::1 - - [15/Apr/2020:10:34:37 +0000] "GET /api/v1/categories?select=name%20averagePrice%20averageRating&sort=averageRating%20averagePrice HTTP/1.1" 200 441 "-" "PostmanRuntime/7.24.1"
::1 - - [15/Apr/2020:10:34:43 +0000] "GET /api/v1/categories?select=name%20averagePrice%20averageRating&sort=averageRating%20-averagePrice HTTP/1.1" 200 441 "-" "PostmanRuntime/7.24.1"
::1 - - [15/Apr/2020:10:34:52 +0000] "GET /api/v1/categories?select=name%20averagePrice%20averageRating&sort=averageRating,-averagePrice HTTP/1.1" 200 441 "-" "PostmanRuntime/7.24.1"
::1 - - [15/Apr/2020:10:35:00 +0000] "GET /api/v1/categories?select=name%20averagePrice%20averageRating&sort=averageRating%20-averagePrice HTTP/1.1" 200 441 "-" "PostmanRuntime/7.24.1"
::1 - - [15/Apr/2020:10:35:09 +0000] "GET /api/v1/categories HTTP/1.1" 200 1222 "-" "PostmanRuntime/7.24.1"
::1 - - [15/Apr/2020:10:35:33 +0000] "PUT /api/v1/categories/5e9047fd49941f52dcb01b35 HTTP/1.1" 200 290 "-" "PostmanRuntime/7.24.1"
::1 - - [15/Apr/2020:10:35:42 +0000] "GET /api/v1/categories HTTP/1.1" 200 1222 "-" "PostmanRuntime/7.24.1"
::1 - - [15/Apr/2020:10:49:46 +0000] "GET /api/v1/categories HTTP/1.1" 200 1222 "-" "PostmanRuntime/7.24.1"
::1 - - [15/Apr/2020:10:51:00 +0000] "GET /api/v1/categories?select=name%20slug HTTP/1.1" 200 26 "-" "PostmanRuntime/7.24.1"
::1 - - [15/Apr/2020:10:53:41 +0000] "GET /api/v1/categories?select=name%20slug HTTP/1.1" 200 369 "-" "PostmanRuntime/7.24.1"
::1 - - [15/Apr/2020:10:54:49 +0000] "GET /api/v1/categories?select=name%20slug%20averageRating HTTP/1.1" 200 441 "-" "PostmanRuntime/7.24.1"
::1 - - [15/Apr/2020:10:55:33 +0000] "GET /api/v1/categories?select=name%20slug%20averageRating&averageRating[$gt]=5 HTTP/1.1" 200 336 "-" "PostmanRuntime/7.24.1"
::1 - - [15/Apr/2020:10:55:40 +0000] "GET /api/v1/categories?select=name%20slug%20averageRating&averageRating[$gt]=4 HTTP/1.1" 200 441 "-" "PostmanRuntime/7.24.1"
::1 - - [15/Apr/2020:10:57:16 +0000] "GET /api/v1/categories?select=name%20slug%20averageRating&averageRating[$gt]=4&sort=name HTTP/1.1" 200 26 "-" "PostmanRuntime/7.24.1"
::1 - - [15/Apr/2020:10:59:07 +0000] "GET /api/v1/categories?select=name%20slug%20averageRating&averageRating[$gt]=4&sort=name HTTP/1.1" 200 441 "-" "PostmanRuntime/7.24.1"
::1 - - [15/Apr/2020:10:59:24 +0000] "GET /api/v1/categories?select=name%20slug%20averageRating&averageRating[$gt]=4&sort=-name HTTP/1.1" 200 441 "-" "PostmanRuntime/7.24.1"
::1 - - [15/Apr/2020:11:00:01 +0000] "GET /api/v1/categories?select=name%20slug%20averageRating&averageRating[$gt]=4&sort=averageRating HTTP/1.1" 200 441 "-" "PostmanRuntime/7.24.1"
::1 - - [15/Apr/2020:11:00:26 +0000] "PUT /api/v1/categories/5e9047fd49941f52dcb01b35 HTTP/1.1" 500 573 "-" "PostmanRuntime/7.24.1"
::1 - - [15/Apr/2020:11:00:54 +0000] "PUT /api/v1/categories/5e9047fd49941f52dcb01b35 HTTP/1.1" 200 290 "-" "PostmanRuntime/7.24.1"
::1 - - [15/Apr/2020:11:01:00 +0000] "GET /api/v1/categories?select=name%20slug%20averageRating&averageRating[$gt]=4&sort=averageRating HTTP/1.1" 200 441 "-" "PostmanRuntime/7.24.1"
::1 - - [15/Apr/2020:11:01:26 +0000] "GET /api/v1/categories?select=name%20slug%20averagePrice%20averageRating&averageRating[$gt]=4&sort=averageRating HTTP/1.1" 200 525 "-" "PostmanRuntime/7.24.1"
::1 - - [15/Apr/2020:11:01:40 +0000] "GET /api/v1/categories?select=name%20slug%20averagePrice%20averageRating&averageRating[$gt]=4&sort=-averageRating HTTP/1.1" 200 525 "-" "PostmanRuntime/7.24.1"
::1 - - [15/Apr/2020:11:02:14 +0000] "GET /api/v1/categories?select=name%20slug%20averagePrice%20averageRating&averageRating[$gt]=4&sort=-averageRating%20averagePrice HTTP/1.1" 200 525 "-" "PostmanRuntime/7.24.1"
::1 - - [15/Apr/2020:11:02:24 +0000] "GET /api/v1/categories?select=name%20slug%20averagePrice%20averageRating&averageRating[$gt]=4&sort=-averageRating%20-averagePrice HTTP/1.1" 200 525 "-" "PostmanRuntime/7.24.1"
::1 - - [17/Apr/2020:06:46:27 +0000] "GET /api/v1/categories?select=name%20slug%20averagePrice%20averageRating&averageRating[$gt]=4&sort=-averageRating%20-averagePrice HTTP/1.1" 200 525 "-" "PostmanRuntime/7.24.1"
::1 - - [17/Apr/2020:06:47:39 +0000] "GET /api/v1/categories?select=name HTTP/1.1" 200 285 "-" "PostmanRuntime/7.24.1"
::1 - - [17/Apr/2020:06:47:54 +0000] "GET /api/v1/categories?select=name&page=3&limit=1 HTTP/1.1" 200 26 "-" "PostmanRuntime/7.24.1"
::1 - - [17/Apr/2020:06:47:59 +0000] "GET /api/v1/categories?select=name HTTP/1.1" 200 285 "-" "PostmanRuntime/7.24.1"
::1 - - [17/Apr/2020:06:50:36 +0000] "GET /api/v1/categories?select=name HTTP/1.1" - - "-" "PostmanRuntime/7.24.1"
::1 - - [17/Apr/2020:06:51:10 +0000] "GET /api/v1/categories?select=name HTTP/1.1" 200 285 "-" "PostmanRuntime/7.24.1"
::1 - - [17/Apr/2020:06:51:20 +0000] "GET /api/v1/categories?select=name HTTP/1.1" 200 285 "-" "PostmanRuntime/7.24.1"
::1 - - [17/Apr/2020:06:53:12 +0000] "GET /api/v1/categories?select=name&page=2&limit=1 HTTP/1.1" 200 26 "-" "PostmanRuntime/7.24.1"
::1 - - [17/Apr/2020:06:54:57 +0000] "GET /api/v1/categories?select=name&page=2&limit=1 HTTP/1.1" 500 677 "-" "PostmanRuntime/7.24.1"
::1 - - [17/Apr/2020:06:55:39 +0000] "GET /api/v1/categories?select=name&page=2&limit=1 HTTP/1.1" 500 678 "-" "PostmanRuntime/7.24.1"
::1 - - [17/Apr/2020:06:58:54 +0000] "GET /api/v1/categories?select=name&page=2&limit=1 HTTP/1.1" 200 26 "-" "PostmanRuntime/7.24.1"
::1 - - [17/Apr/2020:07:00:17 +0000] "GET /api/v1/categories?select=name&page=2&limit=1 HTTP/1.1" 200 26 "-" "PostmanRuntime/7.24.1"
::1 - - [17/Apr/2020:07:04:18 +0000] "GET /api/v1/categories?select=name&page=2&limit=1 HTTP/1.1" 200 26 "-" "PostmanRuntime/7.24.1"
::1 - - [17/Apr/2020:07:06:31 +0000] "GET /api/v1/categories?select=name HTTP/1.1" 200 285 "-" "PostmanRuntime/7.24.1"
::1 - - [17/Apr/2020:07:07:19 +0000] "GET /api/v1/categories?select=name&page=20&limit=100 HTTP/1.1" 200 26 "-" "PostmanRuntime/7.24.1"
::1 - - [17/Apr/2020:07:07:34 +0000] "GET /api/v1/categories?select=name&page=2&limit=1 HTTP/1.1" 200 26 "-" "PostmanRuntime/7.24.1"
::1 - - [17/Apr/2020:07:08:12 +0000] "GET /api/v1/categories?select=name&name=%D0%A3%D1%80%D0%B0%D0%BD%20%D0%B7%D0%BE%D1%85%D0%B8%D0%BE%D0%BB HTTP/1.1" 200 91 "-" "PostmanRuntime/7.24.1"
::1 - - [17/Apr/2020:07:08:31 +0000] "GET /api/v1/categories?select=name&name=%D0%A3%D1%80%D0%B0%D0%BD%20%D0%B7%D0%BE%D1%85%D0%B8%D0%BE%D0%BB&page=2&limit=1 HTTP/1.1" 200 26 "-" "PostmanRuntime/7.24.1"
::1 - - [17/Apr/2020:07:10:45 +0000] "GET /api/v1/categories?select=name&name=%D0%A3%D1%80%D0%B0%D0%BD%20%D0%B7%D0%BE%D1%85%D0%B8%D0%BE%D0%BB&page=2&limit=1 HTTP/1.1" 200 91 "-" "PostmanRuntime/7.24.1"
::1 - - [17/Apr/2020:07:10:56 +0000] "GET /api/v1/categories?select=name&page=2&limit=1 HTTP/1.1" 200 91 "-" "PostmanRuntime/7.24.1"
::1 - - [17/Apr/2020:07:11:02 +0000] "GET /api/v1/categories?select=name&page=2&limit=2 HTTP/1.1" 200 158 "-" "PostmanRuntime/7.24.1"
::1 - - [17/Apr/2020:07:11:11 +0000] "GET /api/v1/categories?select=name&page=2 HTTP/1.1" 200 285 "-" "PostmanRuntime/7.24.1"
::1 - - [17/Apr/2020:07:12:29 +0000] "GET /api/v1/categories?select=name HTTP/1.1" 200 285 "-" "PostmanRuntime/7.24.1"
::1 - - [17/Apr/2020:07:23:03 +0000] "GET /api/v1/categories?select=name&page=2&limit=1 HTTP/1.1" 200 175 "-" "PostmanRuntime/7.24.1"
::1 - - [17/Apr/2020:07:23:32 +0000] "GET /api/v1/categories?select=name&page=3&limit=1 HTTP/1.1" 200 165 "-" "PostmanRuntime/7.24.1"
::1 - - [17/Apr/2020:07:23:42 +0000] "GET /api/v1/categories?select=name&page=4&limit=1 HTTP/1.1" 200 165 "-" "PostmanRuntime/7.24.1"
::1 - - [17/Apr/2020:07:24:01 +0000] "GET /api/v1/categories?select=name&page=1&limit=1 HTTP/1.1" 200 161 "-" "PostmanRuntime/7.24.1"
::1 - - [17/Apr/2020:07:24:17 +0000] "GET /api/v1/categories?select=name&page=1&limit=2 HTTP/1.1" 200 228 "-" "PostmanRuntime/7.24.1"
::1 - - [17/Apr/2020:07:24:34 +0000] "GET /api/v1/categories?select=name&page=2&limit=2 HTTP/1.1" 200 222 "-" "PostmanRuntime/7.24.1"
::1 - - [17/Apr/2020:07:24:48 +0000] "GET /api/v1/categories?select=name&page=3&limit=2 HTTP/1.1" 200 96 "-" "PostmanRuntime/7.24.1"
::1 - - [17/Apr/2020:07:27:00 +0000] "GET /api/v1/categories?select=name&page=1&limit=2 HTTP/1.1" 200 228 "-" "PostmanRuntime/7.24.1"
::1 - - [17/Apr/2020:07:27:05 +0000] "GET /api/v1/categories?select=name&page=2&limit=2 HTTP/1.1" 200 222 "-" "PostmanRuntime/7.24.1"
::1 - - [17/Apr/2020:07:27:12 +0000] "GET /api/v1/categories?select=name&page=1&limit=3 HTTP/1.1" 200 285 "-" "PostmanRuntime/7.24.1"
::1 - - [17/Apr/2020:07:27:22 +0000] "GET /api/v1/categories?select=name&page=2&limit=3 HTTP/1.1" 200 165 "-" "PostmanRuntime/7.24.1"
::1 - - [17/Apr/2020:07:28:04 +0000] "GET /api/v1/categories?select=name HTTP/1.1" 200 342 "-" "PostmanRuntime/7.24.1"
::1 - - [17/Apr/2020:07:28:48 +0000] "GET /api/v1/categories?select=name&page=2&limit=3 HTTP/1.1" 200 165 "-" "PostmanRuntime/7.24.1"
::1 - - [17/Apr/2020:07:29:29 +0000] "GET /api/v1/categories?select=name HTTP/1.1" 200 342 "-" "PostmanRuntime/7.24.1"
::1 - - [17/Apr/2020:07:30:13 +0000] "GET /api/v1/categories?select=name HTTP/1.1" 200 354 "-" "PostmanRuntime/7.24.1"
::1 - - [18/Apr/2020:05:45:18 +0000] "GET /api/v1/categories HTTP/1.1" 200 1291 "-" "PostmanRuntime/7.24.1"
::1 - - [18/Apr/2020:05:45:31 +0000] "GET /api/v1/categories/5e90434cd433fa11b078ed8a HTTP/1.1" 200 328 "-" "PostmanRuntime/7.24.1"
::1 - - [18/Apr/2020:05:55:04 +0000] "GET /api/v1/books HTTP/1.1" 500 28 "-" "PostmanRuntime/7.24.1"
::1 - - [18/Apr/2020:06:07:35 +0000] "GET /api/v1/books HTTP/1.1" 500 28 "-" "PostmanRuntime/7.24.1"
::1 - - [18/Apr/2020:06:08:53 +0000] "GET /api/v1/books HTTP/1.1" 500 28 "-" "PostmanRuntime/7.24.1"
::1 - - [18/Apr/2020:06:12:13 +0000] "GET /api/v1/books HTTP/1.1" 200 28905 "-" "PostmanRuntime/7.24.1"
::1 - - [18/Apr/2020:06:12:55 +0000] "GET /api/v1/books HTTP/1.1" 500 28 "-" "PostmanRuntime/7.24.1"
::1 - - [18/Apr/2020:06:13:09 +0000] "GET /api/v1/books HTTP/1.1" 200 28916 "-" "PostmanRuntime/7.24.1"
::1 - - [18/Apr/2020:06:13:18 +0000] "GET /api/v1/books HTTP/1.1" 200 28905 "-" "PostmanRuntime/7.24.1"
::1 - - [18/Apr/2020:06:14:45 +0000] "GET /api/v1/books HTTP/1.1" 200 28916 "-" "PostmanRuntime/7.24.1"
::1 - - [18/Apr/2020:06:16:55 +0000] "GET /api/v1/books HTTP/1.1" 200 28916 "-" "PostmanRuntime/7.24.1"
::1 - - [18/Apr/2020:06:22:41 +0000] "GET /api/v1/books HTTP/1.1" 200 28916 "-" "PostmanRuntime/7.24.1"
::1 - - [18/Apr/2020:06:23:30 +0000] "GET /api/v1/books HTTP/1.1" 200 28916 "-" "PostmanRuntime/7.24.1"
::1 - - [18/Apr/2020:06:23:39 +0000] "GET /api/v1/books HTTP/1.1" 200 28905 "-" "PostmanRuntime/7.24.1"
::1 - - [18/Apr/2020:06:24:52 +0000] "GET /api/v1/books HTTP/1.1" 200 28905 "-" "PostmanRuntime/7.24.1"
::1 - - [18/Apr/2020:06:25:27 +0000] "GET /api/v1/books HTTP/1.1" 200 28916 "-" "PostmanRuntime/7.24.1"
::1 - - [18/Apr/2020:06:26:32 +0000] "GET /api/v1/categories HTTP/1.1" 200 1291 "-" "PostmanRuntime/7.24.1"
::1 - - [18/Apr/2020:06:26:35 +0000] "GET /api/v1/books HTTP/1.1" 200 28916 "-" "PostmanRuntime/7.24.1"
::1 - - [18/Apr/2020:06:26:43 +0000] "GET /api/v1/categories/5e90434cd433fa11b078ed8a HTTP/1.1" 200 328 "-" "PostmanRuntime/7.24.1"
::1 - - [18/Apr/2020:06:29:47 +0000] "GET /api/v1/categories/5e90434cd433fa11b078ed8a/books HTTP/1.1" 404 187 "-" "PostmanRuntime/7.24.1"
::1 - - [18/Apr/2020:06:32:26 +0000] "GET /api/v1/categories/5e90434cd433fa11b078ed8a/books HTTP/1.1" 200 28916 "-" "PostmanRuntime/7.24.1"
::1 - - [18/Apr/2020:06:32:34 +0000] "GET /api/v1/categories/5e90434cd433fa11b078ed8a/books HTTP/1.1" 200 28916 "-" "PostmanRuntime/7.24.1"
::1 - - [18/Apr/2020:06:34:21 +0000] "GET /api/v1/categories/5e90434cd433fa11b078ed8a/books HTTP/1.1" 200 7858 "-" "PostmanRuntime/7.24.1"
::1 - - [18/Apr/2020:06:34:54 +0000] "GET /api/v1/categories/5e90478549941f52dcb01b34/books HTTP/1.1" 200 7113 "-" "PostmanRuntime/7.24.1"
::1 - - [18/Apr/2020:06:37:37 +0000] "GET /api/v1/categories/5e90478549941f52dcb01b34/books HTTP/1.1" 200 28916 "-" "PostmanRuntime/7.24.1"
::1 - - [18/Apr/2020:06:40:16 +0000] "GET /api/v1/categories/5e90478549941f52dcb01b34/books HTTP/1.1" 200 7113 "-" "PostmanRuntime/7.24.1"
::1 - - [18/Apr/2020:06:43:17 +0000] "GET /api/v1/books HTTP/1.1" 200 28916 "-" "PostmanRuntime/7.24.1"
::1 - - [18/Apr/2020:06:43:19 +0000] "GET /api/v1/categories/5e90478549941f52dcb01b34/books HTTP/1.1" 200 7113 "-" "PostmanRuntime/7.24.1"
::1 - - [18/Apr/2020:06:49:29 +0000] "GET /api/v1/books HTTP/1.1" 200 33819 "-" "PostmanRuntime/7.24.1"
::1 - - [18/Apr/2020:07:15:05 +0000] "GET /api/v1/books HTTP/1.1" 200 28916 "-" "PostmanRuntime/7.24.1"
::1 - - [18/Apr/2020:07:19:21 +0000] "GET /api/v1/books HTTP/1.1" 500 28 "-" "PostmanRuntime/7.24.1"
::1 - - [18/Apr/2020:07:20:22 +0000] "GET /api/v1/books HTTP/1.1" 200 29870 "-" "PostmanRuntime/7.24.1"
::1 - - [18/Apr/2020:07:20:58 +0000] "GET /api/v1/books HTTP/1.1" 200 30295 "-" "PostmanRuntime/7.24.1"
::1 - - [18/Apr/2020:07:21:11 +0000] "GET /api/v1/books HTTP/1.1" 200 29996 "-" "PostmanRuntime/7.24.1"
::1 - - [18/Apr/2020:07:25:05 +0000] "GET /api/v1/books HTTP/1.1" 200 28916 "-" "PostmanRuntime/7.24.1"
::1 - - [18/Apr/2020:07:28:18 +0000] "GET /api/v1/books HTTP/1.1" 200 28916 "-" "PostmanRuntime/7.24.1"
::1 - - [18/Apr/2020:07:30:03 +0000] "GET /api/v1/books HTTP/1.1" 200 33819 "-" "PostmanRuntime/7.24.1"
::1 - - [18/Apr/2020:07:31:30 +0000] "GET /api/v1/books HTTP/1.1" 200 29981 "-" "PostmanRuntime/7.24.1"
::1 - - [18/Apr/2020:07:35:13 +0000] "GET /api/v1/books HTTP/1.1" 200 31025 "-" "PostmanRuntime/7.24.1"
::1 - - [18/Apr/2020:07:39:23 +0000] "GET /api/v1/books HTTP/1.1" 200 31103 "-" "PostmanRuntime/7.24.1"
::1 - - [18/Apr/2020:07:42:03 +0000] "GET /api/v1/books HTTP/1.1" 200 30895 "-" "PostmanRuntime/7.24.1"
::1 - - [18/Apr/2020:07:46:57 +0000] "GET /api/v1/books HTTP/1.1" 200 31025 "-" "PostmanRuntime/7.24.1"
::1 - - [18/Apr/2020:07:47:31 +0000] "GET /api/v1/books HTTP/1.1" 200 31076 "-" "PostmanRuntime/7.24.1"
::1 - - [18/Apr/2020:07:53:10 +0000] "GET /api/v1/categories/5e90434cd433fa11b078ed8a HTTP/1.1" 200 328 "-" "PostmanRuntime/7.24.1"
::1 - - [18/Apr/2020:07:59:08 +0000] "GET /api/v1/categories/5e90434cd433fa11b078ed8a HTTP/1.1" - - "-" "PostmanRuntime/7.24.1"
::1 - - [18/Apr/2020:07:59:32 +0000] "GET /api/v1/categories/5e90434cd433fa11b078ed8a HTTP/1.1" - - "-" "PostmanRuntime/7.24.1"
::1 - - [18/Apr/2020:08:00:15 +0000] "GET /api/v1/categories/5e90434cd433fa11b078ed8a HTTP/1.1" - - "-" "PostmanRuntime/7.24.1"
::1 - - [18/Apr/2020:08:01:30 +0000] "GET /api/v1/categories/5e90434cd433fa11b078ed8a HTTP/1.1" - - "-" "PostmanRuntime/7.24.1"
::1 - - [18/Apr/2020:08:01:36 +0000] "GET /api/v1/books HTTP/1.1" - - "-" "PostmanRuntime/7.24.1"
::1 - - [18/Apr/2020:08:04:23 +0000] "GET /api/v1/categories/5e90434cd433fa11b078ed8a HTTP/1.1" 200 8497 "-" "PostmanRuntime/7.24.1"
::1 - - [18/Apr/2020:08:05:04 +0000] "GET /api/v1/categories/5e90434cd433fa11b078ed8a HTTP/1.1" 200 360 "-" "PostmanRuntime/7.24.1"
::1 - - [18/Apr/2020:08:05:16 +0000] "GET /api/v1/categories/5e90434cd433fa11b078ed8a HTTP/1.1" 200 8497 "-" "PostmanRuntime/7.24.1"
::1 - - [18/Apr/2020:08:06:07 +0000] "GET /api/v1/categories/5e90434cd433fa11b078ed8a HTTP/1.1" 500 28 "-" "PostmanRuntime/7.24.1"
::1 - - [18/Apr/2020:08:09:13 +0000] "GET /api/v1/categories/5e90434cd433fa11b078ed8a HTTP/1.1" 200 1515 "-" "PostmanRuntime/7.24.1"
::1 - - [18/Apr/2020:08:10:00 +0000] "GET /api/v1/categories/5e90434cd433fa11b078ed8a HTTP/1.1" 200 1384 "-" "PostmanRuntime/7.24.1"
::1 - - [18/Apr/2020:08:10:55 +0000] "GET /api/v1/categories/5e90434cd433fa11b078ed8a HTTP/1.1" 200 1238 "-" "PostmanRuntime/7.24.1"
::1 - - [18/Apr/2020:08:11:28 +0000] "GET /api/v1/categories/5e90434cd433fa11b078ed8a HTTP/1.1" 200 1515 "-" "PostmanRuntime/7.24.1"
::1 - - [18/Apr/2020:08:12:42 +0000] "GET /api/v1/books HTTP/1.1" 200 31652 "-" "PostmanRuntime/7.24.1"
::1 - - [18/Apr/2020:08:12:57 +0000] "GET /api/v1/categories/5e90434cd433fa11b078ed8a HTTP/1.1" 200 1515 "-" "PostmanRuntime/7.24.1"
::1 - - [18/Apr/2020:08:13:08 +0000] "GET /api/v1/categories/5e90434cd433fa11b078ed8a HTTP/1.1" 500 28 "-" "PostmanRuntime/7.24.1"
::1 - - [18/Apr/2020:08:13:53 +0000] "GET /api/v1/categories/5e90434cd433fa11b078ed8a HTTP/1.1" 200 1515 "-" "PostmanRuntime/7.24.1"
::1 - - [18/Apr/2020:08:16:00 +0000] "GET /api/v1/categories/5e90434cd433fa11b078ed8a HTTP/1.1" 200 8497 "-" "PostmanRuntime/7.24.1"
::1 - - [18/Apr/2020:08:17:22 +0000] "GET /api/v1/categories/5e9047fd49941f52dcb01b35 HTTP/1.1" 200 7424 "-" "PostmanRuntime/7.24.1"
::1 - - [18/Apr/2020:08:38:09 +0000] "GET /api/v1/categories/5e9047fd49941f52dcb01b35 HTTP/1.1" 200 7424 "-" "PostmanRuntime/7.24.1"
::1 - - [18/Apr/2020:08:38:32 +0000] "GET /api/v1/categories/5e9047fd49941f52dcb01b35 HTTP/1.1" 200 7424 "-" "PostmanRuntime/7.24.1"
::1 - - [18/Apr/2020:08:38:35 +0000] "GET /api/v1/categories/5e9047fd49941f52dcb01b35 HTTP/1.1" 200 7424 "-" "PostmanRuntime/7.24.1"
::1 - - [18/Apr/2020:08:38:43 +0000] "GET /api/v1/categories/5e9047fd49941f52dcb01b35 HTTP/1.1" 200 7425 "-" "PostmanRuntime/7.24.1"
::1 - - [18/Apr/2020:08:38:51 +0000] "GET /api/v1/categories/5e9047fd49941f52dcb01b35 HTTP/1.1" 200 7424 "-" "PostmanRuntime/7.24.1"
::1 - - [18/Apr/2020:08:38:59 +0000] "GET /api/v1/categories/5e9047fd49941f52dcb01b35 HTTP/1.1" 200 7424 "-" "PostmanRuntime/7.24.1"
::1 - - [18/Apr/2020:08:39:02 +0000] "GET /api/v1/categories/5e9047fd49941f52dcb01b35 HTTP/1.1" 200 7424 "-" "PostmanRuntime/7.24.1"
::1 - - [18/Apr/2020:08:39:05 +0000] "GET /api/v1/categories/5e9047fd49941f52dcb01b35 HTTP/1.1" 200 7424 "-" "PostmanRuntime/7.24.1"
::1 - - [18/Apr/2020:08:39:30 +0000] "GET /api/v1/categories/5e9047fd49941f52dcb01b35 HTTP/1.1" 200 7425 "-" "PostmanRuntime/7.24.1"
::1 - - [18/Apr/2020:08:39:32 +0000] "GET /api/v1/categories/5e9047fd49941f52dcb01b35 HTTP/1.1" 200 7425 "-" "PostmanRuntime/7.24.1"
::1 - - [18/Apr/2020:08:39:35 +0000] "GET /api/v1/categories/5e9047fd49941f52dcb01b35 HTTP/1.1" 200 7425 "-" "PostmanRuntime/7.24.1"
::1 - - [18/Apr/2020:08:39:37 +0000] "GET /api/v1/categories/5e9047fd49941f52dcb01b35 HTTP/1.1" 200 7425 "-" "PostmanRuntime/7.24.1"
::1 - - [18/Apr/2020:08:39:53 +0000] "GET /api/v1/categories/5e9047fd49941f52dcb01b35 HTTP/1.1" 200 7425 "-" "PostmanRuntime/7.24.1"
::1 - - [18/Apr/2020:08:40:05 +0000] "GET /api/v1/categories/5e90434cd433fa11b078ed8a HTTP/1.1" 200 8498 "-" "PostmanRuntime/7.24.1"
::1 - - [18/Apr/2020:08:40:14 +0000] "GET /api/v1/categories/5e90434cd433fa11b078ed8a HTTP/1.1" 200 8498 "-" "PostmanRuntime/7.24.1"
::1 - - [18/Apr/2020:08:40:33 +0000] "GET /api/v1/categories/5e90434cd433fa11b078ed8a HTTP/1.1" 200 8498 "-" "PostmanRuntime/7.24.1"
::1 - - [18/Apr/2020:08:41:37 +0000] "GET /api/v1/categories/5e90434cd433fa11b078ed8a HTTP/1.1" 200 8558 "-" "PostmanRuntime/7.24.1"
::1 - - [18/Apr/2020:08:41:42 +0000] "GET /api/v1/categories/5e90434cd433fa11b078ed8a HTTP/1.1" 200 8558 "-" "PostmanRuntime/7.24.1"
::1 - - [18/Apr/2020:08:41:45 +0000] "GET /api/v1/categories/5e90434cd433fa11b078ed8a HTTP/1.1" 200 8558 "-" "PostmanRuntime/7.24.1"
::1 - - [18/Apr/2020:08:41:46 +0000] "GET /api/v1/categories/5e90434cd433fa11b078ed8a HTTP/1.1" 200 8557 "-" "PostmanRuntime/7.24.1"
::1 - - [18/Apr/2020:08:41:48 +0000] "GET /api/v1/categories/5e90434cd433fa11b078ed8a HTTP/1.1" 200 8558 "-" "PostmanRuntime/7.24.1"
::1 - - [18/Apr/2020:08:41:48 +0000] "GET /api/v1/categories/5e90434cd433fa11b078ed8a HTTP/1.1" 200 8558 "-" "PostmanRuntime/7.24.1"
::1 - - [18/Apr/2020:08:41:50 +0000] "GET /api/v1/categories/5e90434cd433fa11b078ed8a HTTP/1.1" 200 8557 "-" "PostmanRuntime/7.24.1"
::1 - - [18/Apr/2020:08:41:54 +0000] "GET /api/v1/categories/5e90434cd433fa11b078ed8a HTTP/1.1" 200 8558 "-" "PostmanRuntime/7.24.1"
::1 - - [18/Apr/2020:08:41:56 +0000] "GET /api/v1/categories/5e90434cd433fa11b078ed8a HTTP/1.1" 200 8559 "-" "PostmanRuntime/7.24.1"
::1 - - [18/Apr/2020:08:41:57 +0000] "GET /api/v1/categories/5e90434cd433fa11b078ed8a HTTP/1.1" 200 8558 "-" "PostmanRuntime/7.24.1"
::1 - - [18/Apr/2020:08:42:04 +0000] "GET /api/v1/categories HTTP/1.1" 200 1420 "-" "PostmanRuntime/7.24.1"
::1 - - [18/Apr/2020:08:42:27 +0000] "GET /api/v1/categories/5e90434cd433fa11b078ed8a HTTP/1.1" 200 8558 "-" "PostmanRuntime/7.24.1"
::1 - - [18/Apr/2020:08:42:38 +0000] "GET /api/v1/categories HTTP/1.1" 200 1420 "-" "PostmanRuntime/7.24.1"
::1 - - [18/Apr/2020:08:44:58 +0000] "GET /api/v1/categories/5e90434cd433fa11b078ed8a HTTP/1.1" 200 8558 "-" "PostmanRuntime/7.24.1"
::1 - - [18/Apr/2020:08:45:40 +0000] "GET /api/v1/categories/5e90434cd433fa11b078ed8a HTTP/1.1" 200 8497 "-" "PostmanRuntime/7.24.1"
::1 - - [18/Apr/2020:08:45:57 +0000] "GET /api/v1/categories/5e90434cd433fa11b078ed8a HTTP/1.1" 200 360 "-" "PostmanRuntime/7.24.1"
::1 - - [18/Apr/2020:08:46:05 +0000] "GET /api/v1/categories/5e90434cd433fa11b078ed8a HTTP/1.1" 200 421 "-" "PostmanRuntime/7.24.1"
::1 - - [18/Apr/2020:08:46:13 +0000] "GET /api/v1/categories/5e90434cd433fa11b078ed8a HTTP/1.1" 200 421 "-" "PostmanRuntime/7.24.1"
::1 - - [18/Apr/2020:08:46:19 +0000] "GET /api/v1/categories HTTP/1.1" 200 1420 "-" "PostmanRuntime/7.24.1"
::1 - - [18/Apr/2020:08:47:56 +0000] "GET /api/v1/categories/5e90434cd433fa11b078ed8a HTTP/1.1" 200 360 "-" "PostmanRuntime/7.24.1"
::1 - - [18/Apr/2020:08:48:00 +0000] "GET /api/v1/categories HTTP/1.1" 200 1754 "-" "PostmanRuntime/7.24.1"
::1 - - [18/Apr/2020:08:48:11 +0000] "GET /api/v1/categories/5e90434cd433fa11b078ed8a HTTP/1.1" 200 360 "-" "PostmanRuntime/7.24.1"
::1 - - [18/Apr/2020:08:48:13 +0000] "GET /api/v1/categories HTTP/1.1" 200 1754 "-" "PostmanRuntime/7.24.1"
::1 - - [18/Apr/2020:08:49:09 +0000] "GET /api/v1/categories/5e90434cd433fa11b078ed8a HTTP/1.1" 200 361 "-" "PostmanRuntime/7.24.1"
::1 - - [18/Apr/2020:08:49:13 +0000] "GET /api/v1/categories HTTP/1.1" 200 1756 "-" "PostmanRuntime/7.24.1"
::1 - - [18/Apr/2020:08:49:20 +0000] "GET /api/v1/categories/5e90434cd433fa11b078ed8a HTTP/1.1" 200 363 "-" "PostmanRuntime/7.24.1"
::1 - - [18/Apr/2020:08:49:23 +0000] "GET /api/v1/categories HTTP/1.1" 200 1758 "-" "PostmanRuntime/7.24.1"
::1 - - [18/Apr/2020:08:52:38 +0000] "GET /api/v1/categories/5e90434cd433fa11b078ed8a HTTP/1.1" 200 360 "-" "PostmanRuntime/7.24.1"
::1 - - [18/Apr/2020:08:54:48 +0000] "GET /api/v1/categories/5e90434cd433fa11b078ed8a HTTP/1.1" 200 361 "-" "PostmanRuntime/7.24.1"
::1 - - [18/Apr/2020:08:55:29 +0000] "GET /api/v1/categories HTTP/1.1" 200 1421 "-" "PostmanRuntime/7.24.1"
::1 - - [18/Apr/2020:08:55:38 +0000] "GET /api/v1/categories/5e90434cd433fa11b078ed8a HTTP/1.1" 200 363 "-" "PostmanRuntime/7.24.1"
::1 - - [18/Apr/2020:08:55:40 +0000] "GET /api/v1/categories/5e90434cd433fa11b078ed8a HTTP/1.1" 200 364 "-" "PostmanRuntime/7.24.1"
::1 - - [18/Apr/2020:08:55:45 +0000] "GET /api/v1/categories HTTP/1.1" 200 1423 "-" "PostmanRuntime/7.24.1"
::1 - - [18/Apr/2020:08:56:24 +0000] "GET /api/v1/categories HTTP/1.1" 200 1423 "-" "PostmanRuntime/7.24.1"
::1 - - [18/Apr/2020:09:01:16 +0000] "DELETE /api/v1/categories/5e90434cd433fa11b078ed8a HTTP/1.1" 200 364 "-" "PostmanRuntime/7.24.1"
::1 - - [18/Apr/2020:09:01:32 +0000] "GET /api/v1/books HTTP/1.1" 200 23065 "-" "PostmanRuntime/7.24.1"
::1 - - [18/Apr/2020:09:01:49 +0000] "DELETE /api/v1/categories/5e96cc1ba816c94e009a9c9e HTTP/1.1" 200 384 "-" "PostmanRuntime/7.24.1"
::1 - - [18/Apr/2020:09:02:00 +0000] "GET /api/v1/books HTTP/1.1" 200 15312 "-" "PostmanRuntime/7.24.1"
::1 - - [18/Apr/2020:09:04:58 +0000] "GET /api/v1/books HTTP/1.1" 200 31652 "-" "PostmanRuntime/7.24.1"
::1 - - [18/Apr/2020:09:29:54 +0000] "GET /api/v1/books/5e9ac2a921a1224b2889f0bd HTTP/1.1" 500 148 "-" "PostmanRuntime/7.24.1"
::1 - - [18/Apr/2020:09:30:43 +0000] "GET /api/v1/books/5e9ac2a921a1224b2889f0bd HTTP/1.1" 200 1778 "-" "PostmanRuntime/7.24.1"
::1 - - [18/Apr/2020:09:31:10 +0000] "GET /api/v1/books/5e9ac2a921a1224b2889f0bd HTTP/1.1" 200 1776 "-" "PostmanRuntime/7.24.1"
::1 - - [18/Apr/2020:09:39:18 +0000] "POST /api/v1/books/ HTTP/1.1" 200 793 "-" "PostmanRuntime/7.24.1"
::1 - - [18/Apr/2020:09:39:33 +0000] "GET /api/v1/categories HTTP/1.1" 200 1420 "-" "PostmanRuntime/7.24.1"
::1 - - [18/Apr/2020:09:39:39 +0000] "GET /api/v1/categories/5e90478549941f52dcb01b34 HTTP/1.1" 200 352 "-" "PostmanRuntime/7.24.1"
::1 - - [18/Apr/2020:09:39:47 +0000] "POST /api/v1/books/ HTTP/1.1" 500 448 "-" "PostmanRuntime/7.24.1"
::1 - - [18/Apr/2020:09:40:10 +0000] "GET /api/v1/books/ HTTP/1.1" 200 32521 "-" "PostmanRuntime/7.24.1"
::1 - - [18/Apr/2020:09:43:04 +0000] "GET /api/v1/books HTTP/1.1" 200 32521 "-" "PostmanRuntime/7.24.1"
::1 - - [18/Apr/2020:09:43:24 +0000] "POST /api/v1/books/ HTTP/1.1" 400 44 "-" "PostmanRuntime/7.24.1"
::1 - - [18/Apr/2020:09:43:41 +0000] "POST /api/v1/books/ HTTP/1.1" 200 749 "-" "PostmanRuntime/7.24.1"
::1 - - [18/Apr/2020:09:44:05 +0000] "GET /api/v1/categories/5e90478549941f52dcb01b34 HTTP/1.1" 200 353 "-" "PostmanRuntime/7.24.1"
::1 - - [18/Apr/2020:09:44:46 +0000] "GET /api/v1/categories/5e90478549941f52dcb01b34 HTTP/1.1" 200 9249 "-" "PostmanRuntime/7.24.1"
::1 - - [18/Apr/2020:09:53:34 +0000] "GET /api/v1/books/5e9ac2a921a1224b2889f0bd HTTP/1.1" 404 44 "-" "PostmanRuntime/7.24.1"
::1 - - [18/Apr/2020:09:53:38 +0000] "GET /api/v1/books/5e9ac2a921a1224b2889f0bd HTTP/1.1" 404 44 "-" "PostmanRuntime/7.24.1"
::1 - - [18/Apr/2020:09:53:49 +0000] "GET /api/v1/books/5e9ac2a921a1224b2889f0bd HTTP/1.1" 404 44 "-" "PostmanRuntime/7.24.1"
::1 - - [18/Apr/2020:09:53:54 +0000] "GET /api/v1/books/ HTTP/1.1" 200 31652 "-" "PostmanRuntime/7.24.1"
::1 - - [18/Apr/2020:09:54:01 +0000] "GET /api/v1/books/5e9acc37a682403fbc710e3c HTTP/1.1" 200 1776 "-" "PostmanRuntime/7.24.1"
::1 - - [18/Apr/2020:09:55:04 +0000] "GET /api/v1/books/5e9acc37a682403fbc710e3c HTTP/1.1" 200 1776 "-" "PostmanRuntime/7.24.1"
::1 - - [18/Apr/2020:09:55:45 +0000] "DELETE /api/v1/books/5e9acc37a682403fbc710e3c HTTP/1.1" 404 179 "-" "PostmanRuntime/7.24.1"
::1 - - [18/Apr/2020:09:57:26 +0000] "DELETE /api/v1/books/5e9acc37a682403fbc710e3c HTTP/1.1" 200 1776 "-" "PostmanRuntime/7.24.1"
::1 - - [18/Apr/2020:09:57:37 +0000] "GET /api/v1/books HTTP/1.1" 200 29803 "-" "PostmanRuntime/7.24.1"
::1 - - [18/Apr/2020:09:57:50 +0000] "GET /api/v1/categories/5e90478549941f52dcb01b34 HTTP/1.1" 200 7749 "-" "PostmanRuntime/7.24.1"
::1 - - [18/Apr/2020:09:57:52 +0000] "GET /api/v1/categories HTTP/1.1" 200 1419 "-" "PostmanRuntime/7.24.1"
::1 - - [18/Apr/2020:09:58:30 +0000] "GET /api/v1/categories HTTP/1.1" - - "-" "PostmanRuntime/7.24.1"
::1 - - [18/Apr/2020:10:01:31 +0000] "DELETE /api/v1/books/5e9acc37a682403fbc710e3c HTTP/1.1" 404 44 "-" "PostmanRuntime/7.24.1"
::1 - - [18/Apr/2020:10:01:44 +0000] "GET /api/v1/books/5e9acc37a682403fbc710e3c HTTP/1.1" 404 44 "-" "PostmanRuntime/7.24.1"
::1 - - [18/Apr/2020:10:01:55 +0000] "GET /api/v1/books HTTP/1.1" 200 31652 "-" "PostmanRuntime/7.24.1"
::1 - - [18/Apr/2020:10:02:12 +0000] "GET /api/v1/books/5e9acfd48573fa118c198d28 HTTP/1.1" 200 1776 "-" "PostmanRuntime/7.24.1"
::1 - - [18/Apr/2020:10:02:51 +0000] "DELETE /api/v1/books/5e9acfd48573fa118c198d28 HTTP/1.1" 404 179 "-" "PostmanRuntime/7.24.1"
::1 - - [18/Apr/2020:10:03:28 +0000] "DELETE /api/v1/books/5e9acfd48573fa118c198d28 HTTP/1.1" 404 179 "-" "PostmanRuntime/7.24.1"
::1 - - [18/Apr/2020:10:04:35 +0000] "DELETE /api/v1/books/5e9acfd48573fa118c198d28 HTTP/1.1" 200 1776 "-" "PostmanRuntime/7.24.1"
::1 - - [18/Apr/2020:10:05:33 +0000] "GET /api/v1/books HTTP/1.1" 200 29803 "-" "PostmanRuntime/7.24.1"
::1 - - [18/Apr/2020:10:05:46 +0000] "GET /api/v1/books/5e9acfd48573fa118c198d28 HTTP/1.1" 404 44 "-" "PostmanRuntime/7.24.1"
::1 - - [18/Apr/2020:10:07:49 +0000] "PUT /api/v1/books/5e9acfd48573fa118c198d28 HTTP/1.1" 404 176 "-" "PostmanRuntime/7.24.1"
::1 - - [18/Apr/2020:10:09:56 +0000] "GET /api/v1/books/5e9acc37a682403fbc710e3c HTTP/1.1" 404 44 "-" "PostmanRuntime/7.24.1"
::1 - - [18/Apr/2020:10:10:10 +0000] "GET /api/v1/books/5e9acfd48573fa118c198d29 HTTP/1.1" 200 1859 "-" "PostmanRuntime/7.24.1"
::1 - - [18/Apr/2020:10:10:24 +0000] "PUT /api/v1/books/5e9acfd48573fa118c198d28 HTTP/1.1" 500 28 "-" "PostmanRuntime/7.24.1"
::1 - - [18/Apr/2020:10:10:32 +0000] "PUT /api/v1/books/5e9acfd48573fa118c198d29 HTTP/1.1" 500 28 "-" "PostmanRuntime/7.24.1"
::1 - - [18/Apr/2020:10:11:00 +0000] "PUT /api/v1/books/5e9acfd48573fa118c198d29 HTTP/1.1" 200 1811 "-" "PostmanRuntime/7.24.1"
::1 - - [18/Apr/2020:10:12:18 +0000] "PUT /api/v1/books/5e9acfd48573fa118c198d28 HTTP/1.1" 400 44 "-" "PostmanRuntime/7.24.1"
::1 - - [18/Apr/2020:10:14:02 +0000] "PUT /api/v1/books/5e9acfd48573fa118c198d28 HTTP/1.1" 400 122 "-" "PostmanRuntime/7.24.1"
::1 - - [19/Apr/2020:11:35:21 +0000] "GET /api/v1/categories HTTP/1.1" 200 1419 "-" "PostmanRuntime/7.24.1"
::1 - - [19/Apr/2020:11:35:34 +0000] "GET /api/v1/books HTTP/1.1" 200 36 "-" "PostmanRuntime/7.24.1"
::1 - - [19/Apr/2020:11:35:47 +0000] "POST /api/v1/books/ HTTP/1.1" 200 793 "-" "PostmanRuntime/7.24.1"
::1 - - [19/Apr/2020:11:37:31 +0000] "POST /api/v1/books/ HTTP/1.1" 200 793 "-" "PostmanRuntime/7.24.1"
::1 - - [19/Apr/2020:11:37:48 +0000] "GET /api/v1/books HTTP/1.1" 200 1761 "-" "PostmanRuntime/7.24.1"
::1 - - [19/Apr/2020:11:38:03 +0000] "DELETE /api/v1/books/5e9c37931f861d11f48c5877 HTTP/1.1" 200 793 "-" "PostmanRuntime/7.24.1"
::1 - - [19/Apr/2020:11:42:44 +0000] "POST /api/v1/books/ HTTP/1.1" 200 794 "-" "PostmanRuntime/7.24.1"
::1 - - [19/Apr/2020:11:42:58 +0000] "POST /api/v1/books/ HTTP/1.1" 500 450 "-" "PostmanRuntime/7.24.1"
::1 - - [19/Apr/2020:11:43:21 +0000] "POST /api/v1/books/ HTTP/1.1" 200 793 "-" "PostmanRuntime/7.24.1"
::1 - - [19/Apr/2020:11:43:42 +0000] "GET /api/v1/books HTTP/1.1" 200 1762 "-" "PostmanRuntime/7.24.1"
::1 - - [19/Apr/2020:11:43:54 +0000] "DELETE /api/v1/books/5e9c3934112cc944fc8ea6ec HTTP/1.1" 200 794 "-" "PostmanRuntime/7.24.1"
::1 - - [19/Apr/2020:11:45:35 +0000] "POST /api/v1/books/ HTTP/1.1" 200 793 "-" "PostmanRuntime/7.24.1"
::1 - - [19/Apr/2020:11:45:43 +0000] "POST /api/v1/books/ HTTP/1.1" 200 793 "-" "PostmanRuntime/7.24.1"
::1 - - [19/Apr/2020:11:55:33 +0000] "GET /api/v1/categories HTTP/1.1" 200 1335 "-" "PostmanRuntime/7.24.1"
::1 - - [19/Apr/2020:11:55:52 +0000] "POST /api/v1/books/ HTTP/1.1" 200 794 "-" "PostmanRuntime/7.24.1"
::1 - - [19/Apr/2020:11:56:00 +0000] "GET /api/v1/categories HTTP/1.1" 200 1356 "-" "PostmanRuntime/7.24.1"
::1 - - [19/Apr/2020:11:56:37 +0000] "POST /api/v1/books/ HTTP/1.1" 200 795 "-" "PostmanRuntime/7.24.1"
::1 - - [19/Apr/2020:11:56:41 +0000] "GET /api/v1/categories HTTP/1.1" 200 1356 "-" "PostmanRuntime/7.24.1"
::1 - - [19/Apr/2020:11:58:53 +0000] "GET /api/v1/books HTTP/1.1" 200 1764 "-" "PostmanRuntime/7.24.1"
::1 - - [19/Apr/2020:12:01:29 +0000] "GET /api/v1/books HTTP/1.1" 200 1764 "-" "PostmanRuntime/7.24.1"
::1 - - [19/Apr/2020:12:02:12 +0000] "POST /api/v1/books/ HTTP/1.1" 200 796 "-" "PostmanRuntime/7.24.1"
::1 - - [19/Apr/2020:12:02:16 +0000] "GET /api/v1/categories HTTP/1.1" 200 1369 "-" "PostmanRuntime/7.24.1"
::1 - - [19/Apr/2020:12:03:07 +0000] "GET /api/v1/books HTTP/1.1" 200 2669 "-" "PostmanRuntime/7.24.1"
::1 - - [19/Apr/2020:12:03:18 +0000] "DELETE /api/v1/books/5e9c3dc4d639362044b5bf01 HTTP/1.1" 200 796 "-" "PostmanRuntime/7.24.1"
::1 - - [19/Apr/2020:12:03:34 +0000] "GET /api/v1/books HTTP/1.1" 200 1764 "-" "PostmanRuntime/7.24.1"
::1 - - [19/Apr/2020:12:03:50 +0000] "GET /api/v1/categories HTTP/1.1" 200 1356 "-" "PostmanRuntime/7.24.1"
::1 - - [19/Apr/2020:12:06:04 +0000] "GET /api/v1/categories/5e90434cd433fa11b078ed8a HTTP/1.1" 500 28 "-" "PostmanRuntime/7.24.1"
::1 - - [19/Apr/2020:12:06:07 +0000] "GET /api/v1/categories HTTP/1.1" 200 1356 "-" "PostmanRuntime/7.24.1"
::1 - - [19/Apr/2020:12:06:23 +0000] "GET /api/v1/categories/5e90478549941f52dcb01b34 HTTP/1.1" 500 28 "-" "PostmanRuntime/7.24.1"
::1 - - [19/Apr/2020:12:08:04 +0000] "GET /api/v1/books/5e9c3c48d639362044b5beff HTTP/1.1" 500 28 "-" "PostmanRuntime/7.24.1"
::1 - - [19/Apr/2020:12:08:29 +0000] "GET /api/v1/books/5e9c3c48d639362044b5beff HTTP/1.1" 500 28 "-" "PostmanRuntime/7.24.1"
::1 - - [19/Apr/2020:12:08:57 +0000] "GET /api/v1/books/5e9c3c48d639362044b5beff HTTP/1.1" 500 28 "-" "PostmanRuntime/7.24.1"
::1 - - [19/Apr/2020:12:10:22 +0000] "GET /api/v1/books/5e9c3c48d639362044b5beff HTTP/1.1" 500 84 "-" "PostmanRuntime/7.24.1"
::1 - - [19/Apr/2020:12:13:40 +0000] "GET /api/v1/books/5e9c3c48d639362044b5beff HTTP/1.1" 200 806 "-" "PostmanRuntime/7.24.1"
::1 - - [19/Apr/2020:12:15:48 +0000] "GET /api/v1/categories HTTP/1.1" 200 1356 "-" "PostmanRuntime/7.24.1"
::1 - - [19/Apr/2020:12:17:22 +0000] "GET /api/v1/books/5e9c3c48d639362044b5beff HTTP/1.1" 200 857 "-" "PostmanRuntime/7.24.1"
::1 - - [20/Apr/2020:06:22:06 +0000] "GET /api/v1/books HTTP/1.1" 200 36 "-" "PostmanRuntime/7.24.1"
::1 - - [20/Apr/2020:06:22:52 +0000] "GET /api/v1/books HTTP/1.1" 200 31652 "-" "PostmanRuntime/7.24.1"
::1 - - [20/Apr/2020:06:22:59 +0000] "GET /api/v1/categories HTTP/1.1" 200 1419 "-" "PostmanRuntime/7.24.1"
::1 - - [20/Apr/2020:06:23:20 +0000] "GET /api/v1/categories/5e96cc1ba816c94e009a9c9e HTTP/1.1" 200 7762 "-" "PostmanRuntime/7.24.1"
::1 - - [20/Apr/2020:06:50:34 +0000] "GET /api/v1/books HTTP/1.1" 200 31652 "-" "PostmanRuntime/7.24.1"
::1 - - [20/Apr/2020:06:50:37 +0000] "GET /api/v1/categories/5e90478549941f52dcb01b34/books HTTP/1.1" 200 7423 "-" "PostmanRuntime/7.24.1"
::1 - - [20/Apr/2020:06:58:25 +0000] "GET /api/v1/categories/5e90478549941f52dcb01b34/books HTTP/1.1" 200 36 "-" "PostmanRuntime/7.24.1"
::1 - - [20/Apr/2020:06:59:16 +0000] "GET /api/v1/categories/5e90478549941f52dcb01b34/books HTTP/1.1" 200 7423 "-" "PostmanRuntime/7.24.1"
::1 - - [20/Apr/2020:06:59:24 +0000] "GET /api/v1/categories HTTP/1.1" 200 1420 "-" "PostmanRuntime/7.24.1"
::1 - - [20/Apr/2020:06:59:44 +0000] "GET /api/v1/categories/5e96cc1ba816c94e009a9c9e HTTP/1.1" 200 7762 "-" "PostmanRuntime/7.24.1"
::1 - - [20/Apr/2020:07:28:48 +0000] "GET /api/v1/books/5e9acfd48573fa118c198d29 HTTP/1.1" 404 125 "-" "PostmanRuntime/7.24.1"
::1 - - [20/Apr/2020:07:28:53 +0000] "GET /api/v1/books HTTP/1.1" 200 31652 "-" "PostmanRuntime/7.24.1"
::1 - - [20/Apr/2020:07:29:01 +0000] "GET /api/v1/books/5e9d481d01d2c0386862d04b HTTP/1.1" 200 1776 "-" "PostmanRuntime/7.24.1"
::1 - - [20/Apr/2020:07:35:59 +0000] "PUT /api/v1/books/5e9d481d01d2c0386862d04b/photo HTTP/1.1" 200 - "-" "PostmanRuntime/7.24.1"
::1 - - [20/Apr/2020:07:38:36 +0000] "PUT /api/v1/books/5e9d481d01d2c0386862d04b/photo HTTP/1.1" 200 - "-" "PostmanRuntime/7.24.1"
::1 - - [20/Apr/2020:07:40:28 +0000] "PUT /api/v1/books/5e9d481d01d2c0386862d04b/photo HTTP/1.1" 400 96 "-" "PostmanRuntime/7.24.1"
::1 - - [20/Apr/2020:07:41:43 +0000] "PUT /api/v1/books/5e9d481d01d2c0386862d04b/photo HTTP/1.1" 200 - "-" "PostmanRuntime/7.24.1"
::1 - - [20/Apr/2020:07:43:51 +0000] "PUT /api/v1/books/5e9d481d01d2c0386862d04b/photo HTTP/1.1" 400 122 "-" "PostmanRuntime/7.24.1"
::1 - - [20/Apr/2020:07:49:29 +0000] "PUT /api/v1/books/5e9d481d01d2c0386862d04b/photo HTTP/1.1" 200 - "-" "PostmanRuntime/7.24.1"
::1 - - [20/Apr/2020:07:51:52 +0000] "PUT /api/v1/books/5e9d481d01d2c0386862d04b/photo HTTP/1.1" 200 - "-" "PostmanRuntime/7.24.1"
::1 - - [20/Apr/2020:07:56:47 +0000] "PUT /api/v1/books/5e9d481d01d2c0386862d04b/photo HTTP/1.1" 200 60 "-" "PostmanRuntime/7.24.1"
::1 - - [20/Apr/2020:08:08:08 +0000] "PUT /api/v1/books/5e9d481d01d2c0386862d04b/photo HTTP/1.1" 200 60 "-" "PostmanRuntime/7.24.1"
::1 - - [20/Apr/2020:08:09:10 +0000] "GET /api/v1/books/5e9d481d01d2c0386862d04b HTTP/1.1" 200 1792 "-" "PostmanRuntime/7.24.1"
::1 - - [20/Apr/2020:08:09:33 +0000] "GET /api/v1/books/5e9d481d01d2c0386862d04d HTTP/1.1" 200 1876 "-" "PostmanRuntime/7.24.1"
::1 - - [20/Apr/2020:08:09:49 +0000] "PUT /api/v1/books/5e9d481d01d2c0386862d04d/photo HTTP/1.1" 200 60 "-" "PostmanRuntime/7.24.1"
::1 - - [20/Apr/2020:08:10:08 +0000] "GET /api/v1/books/5e9d481d01d2c0386862d04d HTTP/1.1" 200 1899 "-" "PostmanRuntime/7.24.1"
::1 - - [14/Apr/2022:04:12:05 +0000] "GET /api/v1/books/ HTTP/1.1" 200 31652 "-" "PostmanRuntime/7.29.0"
::1 - - [14/Apr/2022:04:12:14 +0000] "GET /api/v1/categories/5e90434cd433fa11b078ed8a/books HTTP/1.1" 200 8162 "-" "PostmanRuntime/7.29.0"
::1 - - [14/Apr/2022:04:16:46 +0000] "PUT /api/v1/books/624e541ee4b25cf26da16221/photo HTTP/1.1" 400 118 "-" "PostmanRuntime/7.29.0"
::1 - - [14/Apr/2022:04:18:32 +0000] "PUT /api/v1/books/624e541ee4b25cf26da16221/photo HTTP/1.1" 400 118 "-" "PostmanRuntime/7.29.0"
::1 - - [14/Apr/2022:04:18:43 +0000] "PUT /api/v1/books/624e541ee4b25cf26da16221/photo HTTP/1.1" 400 118 "-" "PostmanRuntime/7.29.0"
::1 - - [14/Apr/2022:04:20:36 +0000] "PUT /api/v1/books/624e541ee4b25cf26da16221/photo HTTP/1.1" 400 118 "-" "PostmanRuntime/7.29.0"
::1 - - [14/Apr/2022:04:21:10 +0000] "PUT /api/v1/books/5e96cc1ba816c94e009a9c9e/photo HTTP/1.1" 400 118 "-" "PostmanRuntime/7.29.0"
::1 - - [14/Apr/2022:04:21:36 +0000] "GET /api/v1/books/ HTTP/1.1" 200 31652 "-" "PostmanRuntime/7.29.0"
::1 - - [14/Apr/2022:04:22:00 +0000] "PUT /api/v1/books/62579dc1e81a262ad84269ee/photo HTTP/1.1" 400 96 "-" "PostmanRuntime/7.29.0"
::1 - - [14/Apr/2022:04:22:12 +0000] "PUT /api/v1/books/62579dc1e81a262ad84269ee/photo HTTP/1.1" 400 96 "-" "PostmanRuntime/7.29.0"
::1 - - [14/Apr/2022:04:23:28 +0000] "PUT /api/v1/books/62579dc1e81a262ad84269ee/photo HTTP/1.1" 200 60 "-" "PostmanRuntime/7.29.0"
::1 - - [14/Apr/2022:04:31:59 +0000] "GET /api/v1/books/ HTTP/1.1" 200 31675 "-" "PostmanRuntime/7.29.0"
::1 - - [14/Apr/2022:04:32:04 +0000] "GET /api/v1/categories HTTP/1.1" 200 1419 "-" "PostmanRuntime/7.29.0"
::1 - - [14/Apr/2022:04:32:33 +0000] "PUT /api/v1/books/62579dc1e81a262ad84269ee/photo HTTP/1.1" 400 96 "-" "PostmanRuntime/7.29.0"
::1 - - [14/Apr/2022:04:34:29 +0000] "PUT /api/v1/books/62579dc1e81a262ad84269ee/photo HTTP/1.1" 400 96 "-" "PostmanRuntime/7.29.0"
::1 - - [14/Apr/2022:04:34:31 +0000] "PUT /api/v1/books/62579dc1e81a262ad84269ee/photo HTTP/1.1" 400 96 "-" "PostmanRuntime/7.29.0"
::1 - - [14/Apr/2022:04:34:43 +0000] "GET /api/v1/books/ HTTP/1.1" 200 31675 "-" "PostmanRuntime/7.29.0"
::1 - - [14/Apr/2022:04:35:51 +0000] "PUT /api/v1/books/62579dc1e81a262ad84269f1/photo HTTP/1.1" 400 96 "-" "PostmanRuntime/7.29.0"
::1 - - [14/Apr/2022:04:36:03 +0000] "PUT /api/v1/books/62579dc1e81a262ad84269f1/photo HTTP/1.1" 200 60 "-" "PostmanRuntime/7.29.0"
::1 - - [14/Apr/2022:04:37:13 +0000] "PUT /api/v1/books/62579dc1e81a262ad84269f2/photo HTTP/1.1" 400 96 "-" "PostmanRuntime/7.29.0"
::1 - - [14/Apr/2022:04:37:45 +0000] "PUT /api/v1/books/62579dc1e81a262ad84269f2/photo HTTP/1.1" 200 60 "-" "PostmanRuntime/7.29.0"
::1 - - [14/Apr/2022:04:40:04 +0000] "GET /api/v1/categories/5e90434cd433fa11b078ed8a/books HTTP/1.1" 200 8162 "-" "PostmanRuntime/7.29.0"
::1 - - [14/Apr/2022:04:40:14 +0000] "GET /api/v1/categories/5e90434cd433fa11b078ed8a HTTP/1.1" 200 8497 "-" "PostmanRuntime/7.29.0"
::1 - - [14/Apr/2022:04:40:36 +0000] "GET /api/v1/books/ HTTP/1.1" 200 31715 "-" "PostmanRuntime/7.29.0"
::1 - - [14/Apr/2022:04:44:00 +0000] "GET /api/v1/categories?select=name%20averagePrice%20averageRating&sort=averageRating%20-averagePrice&limit=3&page=1 HTTP/1.1" 200 508 "-" "PostmanRuntime/7.29.0"
::1 - - [14/Apr/2022:04:48:05 +0000] "GET /api/v1/books/ HTTP/1.1" 200 31715 "-" "PostmanRuntime/7.29.0"
::1 - - [14/Apr/2022:04:57:05 +0000] "GET /api/v1/books/ HTTP/1.1" 200 31715 "-" "PostmanRuntime/7.29.0"
::1 - - [14/Apr/2022:04:57:28 +0000] "GET /api/v1/books/ HTTP/1.1" 200 31715 "-" "PostmanRuntime/7.29.0"
::1 - - [14/Apr/2022:04:57:33 +0000] "GET /api/v1/categories/5e90434cd433fa11b078ed8a HTTP/1.1" 200 8497 "-" "PostmanRuntime/7.29.0"
::1 - - [14/Apr/2022:04:57:46 +0000] "GET /api/v1/categories/5e90434cd433fa11b078ed8a/books HTTP/1.1" 200 8162 "-" "PostmanRuntime/7.29.0"
::1 - - [14/Apr/2022:05:03:52 +0000] "GET /api/v1/categories?select=name%20averagePrice%20averageRating&sort=averageRating%20-averagePrice&limit=3&page=1 HTTP/1.1" 200 508 "-" "PostmanRuntime/7.29.0"
::1 - - [14/Apr/2022:05:12:38 +0000] "GET /api/v1/categories?select=name%20averagePrice%20averageRating&sort=averageRating%20-averagePrice&limit=3&page=1 HTTP/1.1" 200 444 "-" "PostmanRuntime/7.29.0"
::1 - - [14/Apr/2022:05:12:43 +0000] "GET /api/v1/categories?select=name%20averagePrice%20averageRating&sort=averageRating%20-averagePrice&limit=3&page=2 HTTP/1.1" 200 444 "-" "PostmanRuntime/7.29.0"
::1 - - [14/Apr/2022:05:13:08 +0000] "GET /api/v1/categories?select=name%20averagePrice%20averageRating&sort=averageRating%20-averagePrice&limit=3&page=2 HTTP/1.1" 200 444 "-" "PostmanRuntime/7.29.0"
::1 - - [14/Apr/2022:05:14:10 +0000] "GET /api/v1/categories?select=name%20averagePrice%20averageRating&sort=averageRating%20-averagePrice&limit=3&page=2 HTTP/1.1" 200 246 "-" "PostmanRuntime/7.29.0"
::1 - - [14/Apr/2022:05:14:25 +0000] "GET /api/v1/categories?select=name%20averagePrice%20averageRating&sort=averageRating%20-averagePrice&limit=3&page=1 HTTP/1.1" 200 508 "-" "PostmanRuntime/7.29.0"
::1 - - [14/Apr/2022:05:14:34 +0000] "GET /api/v1/categories?select=name%20averagePrice%20averageRating&sort=averageRating%20-averagePrice&limit=3&page=2 HTTP/1.1" 200 246 "-" "PostmanRuntime/7.29.0"
::1 - - [14/Apr/2022:05:14:39 +0000] "GET /api/v1/categories?select=name%20averagePrice%20averageRating&sort=averageRating%20-averagePrice&limit=3&page=3 HTTP/1.1" 200 106 "-" "PostmanRuntime/7.29.0"
::1 - - [14/Apr/2022:05:20:22 +0000] "GET /api/v1/books/ HTTP/1.1" 200 10156 "-" "PostmanRuntime/7.29.0"
::1 - - [14/Apr/2022:05:21:00 +0000] "GET /api/v1/books/?select=name%20price HTTP/1.1" 500 81 "-" "PostmanRuntime/7.29.0"
::1 - - [14/Apr/2022:05:22:05 +0000] "GET /api/v1/books/?select=name%20price%20author HTTP/1.1" 200 1927 "-" "PostmanRuntime/7.29.0"
::1 - - [14/Apr/2022:05:22:46 +0000] "GET /api/v1/books/?select=name%20price HTTP/1.1" 200 1651 "-" "PostmanRuntime/7.29.0"
::1 - - [14/Apr/2022:05:23:27 +0000] "GET /api/v1/books/?select=name%20price&sort=price HTTP/1.1" 200 1809 "-" "PostmanRuntime/7.29.0"
::1 - - [14/Apr/2022:05:23:39 +0000] "GET /api/v1/books/?select=name%20price&sort=-price HTTP/1.1" 200 1616 "-" "PostmanRuntime/7.29.0"
::1 - - [14/Apr/2022:05:25:09 +0000] "GET /api/v1/books/?select=name%20price&sort=-price&price[$lt]=20000 HTTP/1.1" 200 1702 "-" "PostmanRuntime/7.29.0"
::1 - - [14/Apr/2022:05:25:28 +0000] "GET /api/v1/books/?select=name%20price&sort=-price&price[$gt]=20000 HTTP/1.1" 200 1616 "-" "PostmanRuntime/7.29.0"
::1 - - [14/Apr/2022:05:29:33 +0000] "GET /api/v1/categories/5e90434cd433fa11b078ed8a HTTP/1.1" 200 8497 "-" "PostmanRuntime/7.29.0"
::1 - - [14/Apr/2022:05:29:37 +0000] "GET /api/v1/categories/5e90434cd433fa11b078ed8a/books HTTP/1.1" 200 8243 "-" "PostmanRuntime/7.29.0"
::1 - - [14/Apr/2022:05:30:06 +0000] "GET /api/v1/categories/5e90434cd433fa11b078ed8a/books?select=name%20price&sort=-price&price[$gt]=20000 HTTP/1.1" 200 269 "-" "PostmanRuntime/7.29.0"
::1 - - [14/Apr/2022:05:30:38 +0000] "GET /api/v1/categories/5e90434cd433fa11b078ed8a/books?select=name%20price&sort=-price&price[$lt]=20000 HTTP/1.1" 200 839 "-" "PostmanRuntime/7.29.0"
::1 - - [14/Apr/2022:05:31:20 +0000] "GET /api/v1/categories/5e90434cd433fa11b078ed8a/books?select=name%20price&sort=-price&price[$lt]=20000 HTTP/1.1" 200 423 "-" "PostmanRuntime/7.29.0"
::1 - - [14/Apr/2022:05:31:44 +0000] "GET /api/v1/categories/5e90434cd433fa11b078ed8a/books?select=name%20price&sort=-price&price[$lt]=20000&page=2 HTTP/1.1" 200 545 "-" "PostmanRuntime/7.29.0"
::1 - - [14/Apr/2022:14:13:20 +0000] "GET /api/v1/categories/5e90434cd433fa11b078ed8a/books?select=name%20price&sort=-price&price[$lt]=20000&page=2 HTTP/1.1" 200 545 "-" "PostmanRuntime/7.29.0"
::1 - - [14/Apr/2022:14:14:46 +0000] "POST /api/v1/users/ HTTP/1.1" 200 101 "-" "PostmanRuntime/7.29.0"
::1 - - [14/Apr/2022:14:15:23 +0000] "POST /api/v1/users/register HTTP/1.1" 404 161 "-" "PostmanRuntime/7.29.0"
::1 - - [14/Apr/2022:14:16:09 +0000] "POST /api/v1/users/register HTTP/1.1" 200 101 "-" "PostmanRuntime/7.29.0"
::1 - - [14/Apr/2022:14:16:47 +0000] "POST /api/v1/users HTTP/1.1" 200 101 "-" "PostmanRuntime/7.29.0"
::1 - - [15/Apr/2022:05:23:24 +0000] "POST /api/v1/users HTTP/1.1" 200 101 "-" "PostmanRuntime/7.29.0"
::1 - - [15/Apr/2022:05:25:58 +0000] "POST /api/v1/users HTTP/1.1" 200 105 "-" "PostmanRuntime/7.29.0"
::1 - - [15/Apr/2022:05:31:57 +0000] "POST /api/v1/users HTTP/1.1" 200 105 "-" "PostmanRuntime/7.29.0"
::1 - - [15/Apr/2022:05:32:22 +0000] "POST /api/v1/users HTTP/1.1" 200 105 "-" "PostmanRuntime/7.29.0"
::1 - - [15/Apr/2022:05:40:53 +0000] "POST /api/v1/users HTTP/1.1" 500 380 "-" "PostmanRuntime/7.29.0"
::1 - - [15/Apr/2022:05:41:38 +0000] "POST /api/v1/users HTTP/1.1" 200 105 "-" "PostmanRuntime/7.29.0"
::1 - - [15/Apr/2022:06:32:18 +0000] "POST /api/v1/users HTTP/1.1" 500 380 "-" "PostmanRuntime/7.29.0"
::1 - - [15/Apr/2022:06:32:34 +0000] "POST /api/v1/users HTTP/1.1" 200 414 "-" "PostmanRuntime/7.29.0"
::1 - - [15/Apr/2022:06:57:29 +0000] "POST /api/v1/users/login HTTP/1.1" 200 416 "-" "PostmanRuntime/7.29.0"
::1 - - [15/Apr/2022:07:08:58 +0000] "PUT /api/v1/books/624e541ee4b25cf26da16221 HTTP/1.1" 400 122 "-" "PostmanRuntime/7.29.0"
::1 - - [15/Apr/2022:07:09:24 +0000] "GET /api/v1/categories HTTP/1.1" 200 1419 "-" "PostmanRuntime/7.29.0"
::1 - - [15/Apr/2022:07:09:36 +0000] "GET /api/v1/books/ HTTP/1.1" 200 10156 "-" "PostmanRuntime/7.29.0"
::1 - - [15/Apr/2022:07:10:28 +0000] "PUT /api/v1/books/5e90434cd433fa11b078ed8a HTTP/1.1" 400 122 "-" "PostmanRuntime/7.29.0"
::1 - - [15/Apr/2022:07:10:35 +0000] "GET /api/v1/categories HTTP/1.1" 200 1419 "-" "PostmanRuntime/7.29.0"
::1 - - [15/Apr/2022:07:10:54 +0000] "PUT /api/v1/books/62579dc1e81a262ad84269ec HTTP/1.1" 200 1703 "-" "PostmanRuntime/7.29.0"
::1 - - [15/Apr/2022:07:11:16 +0000] "PUT /api/v1/books/62579dc1e81a262ad84269ec HTTP/1.1" 200 1703 "-" "PostmanRuntime/7.29.0"
::1 - - [21/Apr/2022:04:56:02 +0000] "PUT /api/v1/books/62579dc1e81a262ad84269ec HTTP/1.1" 200 1703 "-" "PostmanRuntime/7.29.0"
::1 - - [21/Apr/2022:05:10:17 +0000] "PUT /api/v1/books/62579dc1e81a262ad84269ec HTTP/1.1" 200 1703 "-" "PostmanRuntime/7.29.0"
::1 - - [21/Apr/2022:05:10:29 +0000] "PUT /api/v1/books/62579dc1e81a262ad84269ec HTTP/1.1" 200 1700 "-" "PostmanRuntime/7.29.0"
::1 - - [21/Apr/2022:05:11:20 +0000] "PUT /api/v1/books/62579dc1e81a262ad84269ec HTTP/1.1" 200 1700 "-" "PostmanRuntime/7.29.0"
::1 - - [21/Apr/2022:05:16:59 +0000] "POST /api/v1/users/login HTTP/1.1" 200 416 "-" "PostmanRuntime/7.29.0"
::1 - - [21/Apr/2022:05:17:50 +0000] "DELETE /api/v1/categories/11 HTTP/1.1" 500 140 "-" "PostmanRuntime/7.29.0"
::1 - - [21/Apr/2022:05:18:22 +0000] "GET /api/v1/categories HTTP/1.1" 200 1419 "-" "PostmanRuntime/7.29.0"
::1 - - [21/Apr/2022:05:23:27 +0000] "GET /api/v1/categories HTTP/1.1" 200 1419 "-" "PostmanRuntime/7.29.0"
::1 - - [21/Apr/2022:05:24:19 +0000] "POST /api/v1/users/login HTTP/1.1" 200 416 "-" "PostmanRuntime/7.29.0"
::1 - - [21/Apr/2022:05:25:15 +0000] "POST /api/v1/users HTTP/1.1" 500 380 "-" "PostmanRuntime/7.29.0"
::1 - - [21/Apr/2022:05:25:19 +0000] "POST /api/v1/users HTTP/1.1" 500 380 "-" "PostmanRuntime/7.29.0"
::1 - - [21/Apr/2022:05:25:57 +0000] "POST /api/v1/users HTTP/1.1" 200 418 "-" "PostmanRuntime/7.29.0"
::1 - - [21/Apr/2022:05:27:38 +0000] "POST /api/v1/categories HTTP/1.1" 200 343 "-" "PostmanRuntime/7.29.0"
::1 - - [21/Apr/2022:05:28:33 +0000] "POST /api/v1/categories HTTP/1.1" 200 354 "-" "PostmanRuntime/7.29.0"
::1 - - [21/Apr/2022:05:28:43 +0000] "GET /api/v1/categories HTTP/1.1" 200 2070 "-" "PostmanRuntime/7.29.0"
::1 - - [21/Apr/2022:05:51:45 +0000] "POST /api/v1/books/ HTTP/1.1" 403 155 "-" "PostmanRuntime/7.29.0"
::1 - - [21/Apr/2022:05:53:33 +0000] "POST /api/v1/books/ HTTP/1.1" 403 155 "-" "PostmanRuntime/7.29.0"
::1 - - [21/Apr/2022:05:54:35 +0000] "POST /api/v1/books/ HTTP/1.1" 403 155 "-" "PostmanRuntime/7.29.0"
::1 - - [21/Apr/2022:05:54:45 +0000] "POST /api/v1/books/ HTTP/1.1" 403 155 "-" "PostmanRuntime/7.29.0"
::1 - - [21/Apr/2022:05:54:47 +0000] "POST /api/v1/books/ HTTP/1.1" 403 155 "-" "PostmanRuntime/7.29.0"
::1 - - [21/Apr/2022:05:55:45 +0000] "POST /api/v1/users/login HTTP/1.1" 200 440 "-" "PostmanRuntime/7.29.0"
::1 - - [21/Apr/2022:05:56:28 +0000] "POST /api/v1/books/ HTTP/1.1" 400 124 "-" "PostmanRuntime/7.29.0"
::1 - - [21/Apr/2022:05:56:36 +0000] "GET /api/v1/categories HTTP/1.1" 200 2070 "-" "PostmanRuntime/7.29.0"
::1 - - [21/Apr/2022:05:57:18 +0000] "POST /api/v1/books/ HTTP/1.1" 200 929 "-" "PostmanRuntime/7.29.0"
::1 - - [21/Apr/2022:05:58:06 +0000] "POST /api/v1/books/ HTTP/1.1" 500 418 "-" "PostmanRuntime/7.29.0"
::1 - - [21/Apr/2022:05:58:16 +0000] "POST /api/v1/users/login HTTP/1.1" 200 440 "-" "PostmanRuntime/7.29.0"
::1 - - [21/Apr/2022:05:59:33 +0000] "POST /api/v1/users/login HTTP/1.1" 200 440 "-" "PostmanRuntime/7.29.0"
::1 - - [21/Apr/2022:06:18:50 +0000] "GET /api/v1/books/ HTTP/1.1" 200 10080 "-" "PostmanRuntime/7.29.0"
::1 - - [21/Apr/2022:06:19:43 +0000] "PUT /api/v1/books/62579dc1e81a262ad84269ec HTTP/1.1" 200 1741 "-" "PostmanRuntime/7.29.0"
::1 - - [21/Apr/2022:06:36:58 +0000] "POST /api/v1/users/register HTTP/1.1" 500 382 "-" "PostmanRuntime/7.29.0"
::1 - - [21/Apr/2022:06:37:25 +0000] "POST /api/v1/users/register HTTP/1.1" 200 438 "-" "PostmanRuntime/7.29.0"
::1 - - [21/Apr/2022:06:41:38 +0000] "POST /api/v1/users HTTP/1.1" 500 1105 "-" "PostmanRuntime/7.29.0"
::1 - - [21/Apr/2022:06:42:05 +0000] "POST /api/v1/users HTTP/1.1" 500 1105 "-" "PostmanRuntime/7.29.0"
::1 - - [21/Apr/2022:06:42:32 +0000] "GET /api/v1/users HTTP/1.1" 200 651 "-" "PostmanRuntime/7.29.0"
::1 - - [21/Apr/2022:06:43:33 +0000] "GET /api/v1/users?select=name HTTP/1.1" 200 293 "-" "PostmanRuntime/7.29.0"
::1 - - [21/Apr/2022:06:43:42 +0000] "GET /api/v1/users HTTP/1.1" 200 651 "-" "PostmanRuntime/7.29.0"
::1 - - [21/Apr/2022:06:44:13 +0000] "GET /api/v1/users/625905926cd62615284bba5f HTTP/1.1" 200 164 "-" "PostmanRuntime/7.29.0"
::1 - - [21/Apr/2022:06:46:41 +0000] "GET /api/v1/users/625905926cd62615284bba5f HTTP/1.1" 200 164 "-" "PostmanRuntime/7.29.0"
::1 - - [21/Apr/2022:06:47:10 +0000] "PUT /api/v1/users/625905926cd62615284bba5f HTTP/1.1" 200 168 "-" "PostmanRuntime/7.29.0"
::1 - - [21/Apr/2022:06:49:44 +0000] "DELETE /api/v1/users/625905926cd62615284bba5f HTTP/1.1" 200 168 "-" "PostmanRuntime/7.29.0"
::1 - - [21/Apr/2022:06:51:00 +0000] "POST /api/v1/users/register HTTP/1.1" 500 382 "-" "PostmanRuntime/7.29.0"
::1 - - [21/Apr/2022:06:51:14 +0000] "POST /api/v1/users/register HTTP/1.1" 200 437 "-" "PostmanRuntime/7.29.0"
::1 - - [21/Apr/2022:06:52:19 +0000] "GET /api/v1/users HTTP/1.1" 200 650 "-" "PostmanRuntime/7.29.0"
::1 - - [21/Apr/2022:07:02:56 +0000] "GET /api/v1/users HTTP/1.1" 200 94 "-" "PostmanRuntime/7.29.0"
::1 - - [21/Apr/2022:07:03:02 +0000] "GET /api/v1/books/ HTTP/1.1" 200 103 "-" "PostmanRuntime/7.29.0"
::1 - - [21/Apr/2022:07:03:10 +0000] "GET /api/v1/categories HTTP/1.1" 200 95 "-" "PostmanRuntime/7.29.0"
::1 - - [21/Apr/2022:07:06:12 +0000] "GET /api/v1/books/ HTTP/1.1" 200 10333 "-" "PostmanRuntime/7.29.0"
::1 - - [21/Apr/2022:07:22:44 +0000] "POST /api/v1/users/login HTTP/1.1" 200 444 "-" "PostmanRuntime/7.29.0"
::1 - - [21/Apr/2022:07:24:04 +0000] "GET /api/v1/users/5ea015a84448022f50c58be5/books HTTP/1.1" 401 181 "-" "PostmanRuntime/7.29.0"
::1 - - [21/Apr/2022:07:24:43 +0000] "POST /api/v1/users/login HTTP/1.1" 200 444 "-" "PostmanRuntime/7.29.0"
::1 - - [21/Apr/2022:07:24:50 +0000] "GET /api/v1/categories/5e90434cd433fa11b078ed8a/books?select=name%20price&sort=-price&price[$lt]=20000&page=2 HTTP/1.1" 200 545 "-" "PostmanRuntime/7.29.0"
::1 - - [21/Apr/2022:07:26:59 +0000] "GET /api/v1/categories/5e90434cd433fa11b078ed8a/books?select=name%20price&sort=-price&price[$lt]=20000&page=2 HTTP/1.1" 200 545 "-" "PostmanRuntime/7.29.0"
::1 - - [21/Apr/2022:07:27:24 +0000] "GET /api/v1/users/5ea015a84448022f50c58be5/books HTTP/1.1" 401 181 "-" "PostmanRuntime/7.29.0"
::1 - - [21/Apr/2022:07:27:30 +0000] "POST /api/v1/users/login HTTP/1.1" 200 444 "-" "PostmanRuntime/7.29.0"
::1 - - [21/Apr/2022:07:27:36 +0000] "GET /api/v1/users/5ea015a84448022f50c58be5/books HTTP/1.1" 401 181 "-" "PostmanRuntime/7.29.0"
::1 - - [21/Apr/2022:07:27:41 +0000] "POST /api/v1/users/login HTTP/1.1" 200 444 "-" "PostmanRuntime/7.29.0"
::1 - - [21/Apr/2022:07:27:52 +0000] "GET /api/v1/users/5ea015a84448022f50c58be5/books HTTP/1.1" 401 181 "-" "PostmanRuntime/7.29.0"
::1 - - [21/Apr/2022:07:28:14 +0000] "POST /api/v1/users/login HTTP/1.1" 200 444 "-" "PostmanRuntime/7.29.0"
::1 - - [21/Apr/2022:07:29:57 +0000] "POST /api/v1/users/login HTTP/1.1" 200 444 "-" "PostmanRuntime/7.29.0"
::1 - - [21/Apr/2022:07:30:07 +0000] "GET /api/v1/users/5ea015a84448022f50c58be5/books HTTP/1.1" 401 181 "-" "PostmanRuntime/7.29.0"
::1 - - [21/Apr/2022:07:31:02 +0000] "GET /api/v1/users/5ea015a84448022f50c58be5/books HTTP/1.1" 500 80 "-" "PostmanRuntime/7.29.0"
::1 - - [21/Apr/2022:07:31:09 +0000] "POST /api/v1/users/login HTTP/1.1" 200 444 "-" "PostmanRuntime/7.29.0"
::1 - - [21/Apr/2022:07:31:15 +0000] "GET /api/v1/users/5ea015a84448022f50c58be5/books HTTP/1.1" 200 117 "-" "PostmanRuntime/7.29.0"
::1 - - [21/Apr/2022:07:32:55 +0000] "GET /api/v1/users/5ea015a84448022f50c58be5/books HTTP/1.1" 500 80 "-" "PostmanRuntime/7.29.0"
::1 - - [21/Apr/2022:07:33:02 +0000] "POST /api/v1/users/login HTTP/1.1" 200 444 "-" "PostmanRuntime/7.29.0"
::1 - - [21/Apr/2022:07:33:04 +0000] "PUT /api/v1/books/62579dc1e81a262ad84269ec HTTP/1.1" 400 122 "-" "PostmanRuntime/7.29.0"
::1 - - [21/Apr/2022:07:33:17 +0000] "PUT /api/v1/users/625905926cd62615284bba5f HTTP/1.1" 401 252 "-" "PostmanRuntime/7.29.0"
::1 - - [21/Apr/2022:07:33:32 +0000] "PUT /api/v1/users/625905926cd62615284bba5f/books HTTP/1.1" 401 252 "-" "PostmanRuntime/7.29.0"
::1 - - [21/Apr/2022:07:33:44 +0000] "GET /api/v1/users/5ea015a84448022f50c58be5/books HTTP/1.1" 500 80 "-" "PostmanRuntime/7.29.0"
::1 - - [21/Apr/2022:07:33:48 +0000] "POST /api/v1/users/login HTTP/1.1" 200 444 "-" "PostmanRuntime/7.29.0"
::1 - - [21/Apr/2022:07:34:45 +0000] "GET /api/v1/users/5ea015a84448022f50c58be5/books HTTP/1.1" 200 117 "-" "PostmanRuntime/7.29.0"
::1 - - [21/Apr/2022:07:35:14 +0000] "GET /api/v1/users/5ea015a84448022f50c58be5 HTTP/1.1" 500 80 "-" "PostmanRuntime/7.29.0"
::1 - - [21/Apr/2022:07:35:25 +0000] "GET /api/v1/users/5ea015a84448022f50c58be5 HTTP/1.1" 401 252 "-" "PostmanRuntime/7.29.0"
::1 - - [21/Apr/2022:07:36:00 +0000] "POST /api/v1/users/login HTTP/1.1" 200 444 "-" "PostmanRuntime/7.29.0"
::1 - - [21/Apr/2022:07:36:05 +0000] "GET /api/v1/users/5ea015a84448022f50c58be5 HTTP/1.1" 401 252 "-" "PostmanRuntime/7.29.0"
::1 - - [21/Apr/2022:07:36:16 +0000] "POST /api/v1/users/login HTTP/1.1" 200 444 "-" "PostmanRuntime/7.29.0"
::1 - - [21/Apr/2022:07:36:35 +0000] "GET /api/v1/users/5ea015a84448022f50c58be5 HTTP/1.1" 401 252 "-" "PostmanRuntime/7.29.0"
::1 - - [21/Apr/2022:07:37:03 +0000] "POST /api/v1/users/login HTTP/1.1" 200 444 "-" "PostmanRuntime/7.29.0"
::1 - - [21/Apr/2022:07:37:13 +0000] "GET /api/v1/users/5ea015a84448022f50c58be5 HTTP/1.1" 200 168 "-" "PostmanRuntime/7.29.0"
::1 - - [21/Apr/2022:07:38:54 +0000] "POST /api/v1/users/login HTTP/1.1" 401 123 "-" "PostmanRuntime/7.29.0"
::1 - - [21/Apr/2022:07:39:14 +0000] "POST /api/v1/users/login HTTP/1.1" 200 444 "-" "PostmanRuntime/7.29.0"
::1 - - [21/Apr/2022:07:39:20 +0000] "GET /api/v1/users/5ea015a84448022f50c58be5/books HTTP/1.1" 200 117 "-" "PostmanRuntime/7.29.0"
::1 - - [21/Apr/2022:07:40:14 +0000] "GET /api/v1/users/5ea015cec0f5e551d8d1615d/books HTTP/1.1" 500 80 "-" "PostmanRuntime/7.29.0"
::1 - - [21/Apr/2022:07:40:23 +0000] "POST /api/v1/users/login HTTP/1.1" 200 444 "-" "PostmanRuntime/7.29.0"
::1 - - [21/Apr/2022:07:40:28 +0000] "GET /api/v1/users/5ea015cec0f5e551d8d1615d/books HTTP/1.1" 200 117 "-" "PostmanRuntime/7.29.0"
::1 - - [21/Apr/2022:07:43:11 +0000] "POST /api/v1/users/login HTTP/1.1" 200 444 "-" "PostmanRuntime/7.29.0"
::1 - - [21/Apr/2022:07:43:17 +0000] "GET /api/v1/users/5ea015cec0f5e551d8d1615d/books HTTP/1.1" 200 117 "-" "PostmanRuntime/7.29.0"
::1 - - [21/Apr/2022:07:45:10 +0000] "DELETE /api/v1/users/625905926cd62615284bba5f HTTP/1.1" 500 80 "-" "PostmanRuntime/7.29.0"
::1 - - [21/Apr/2022:07:46:07 +0000] "GET /api/v1/users HTTP/1.1" 500 80 "-" "PostmanRuntime/7.29.0"
::1 - - [21/Apr/2022:07:46:29 +0000] "POST /api/v1/users/login HTTP/1.1" 200 444 "-" "PostmanRuntime/7.29.0"
::1 - - [21/Apr/2022:07:46:33 +0000] "GET /api/v1/users HTTP/1.1" 200 524 "-" "PostmanRuntime/7.29.0"
::1 - - [22/Apr/2022:00:50:52 +0000] "POST /api/v1/users/login HTTP/1.1" 200 444 "-" "PostmanRuntime/7.29.0"
::1 - - [22/Apr/2022:00:51:23 +0000] "PUT /api/v1/books/62579dc1e81a262ad84269ec HTTP/1.1" 400 122 "-" "PostmanRuntime/7.29.0"
::1 - - [22/Apr/2022:00:51:33 +0000] "GET /api/v1/books/ HTTP/1.1" 200 10333 "-" "PostmanRuntime/7.29.0"
::1 - - [22/Apr/2022:00:51:58 +0000] "PUT /api/v1/books/62610237a44704243ce3c191 HTTP/1.1" 500 84 "-" "PostmanRuntime/7.29.0"
::1 - - [22/Apr/2022:00:53:11 +0000] "PUT /api/v1/books/62610237a44704243ce3c191 HTTP/1.1" 500 84 "-" "PostmanRuntime/7.29.0"
::1 - - [22/Apr/2022:00:53:35 +0000] "PUT /api/v1/books/5e96cc1ba816c94e009a9c9e HTTP/1.1" 400 122 "-" "PostmanRuntime/7.29.0"
::1 - - [22/Apr/2022:00:53:45 +0000] "GET /api/v1/books/ HTTP/1.1" 200 10333 "-" "PostmanRuntime/7.29.0"
::1 - - [22/Apr/2022:00:54:05 +0000] "PUT /api/v1/books/62610237a44704243ce3c191 HTTP/1.1" 500 84 "-" "PostmanRuntime/7.29.0"
::1 - - [22/Apr/2022:00:56:01 +0000] "PUT /api/v1/books/62610237a44704243ce3c191 HTTP/1.1" 500 84 "-" "PostmanRuntime/7.29.0"
::1 - - [22/Apr/2022:00:57:45 +0000] "PUT /api/v1/books/62610237a44704243ce3c191 HTTP/1.1" 500 84 "-" "PostmanRuntime/7.29.0"
::1 - - [22/Apr/2022:00:59:09 +0000] "POST /api/v1/users/login HTTP/1.1" 200 446 "-" "PostmanRuntime/7.29.0"
::1 - - [22/Apr/2022:00:59:14 +0000] "PUT /api/v1/books/62610237a44704243ce3c191 HTTP/1.1" 500 84 "-" "PostmanRuntime/7.29.0"
::1 - - [22/Apr/2022:01:01:48 +0000] "POST /api/v1/users/login HTTP/1.1" 200 446 "-" "PostmanRuntime/7.29.0"
::1 - - [22/Apr/2022:01:01:54 +0000] "PUT /api/v1/books/62610237a44704243ce3c191 HTTP/1.1" 500 84 "-" "PostmanRuntime/7.29.0"
::1 - - [22/Apr/2022:01:02:10 +0000] "PUT /api/v1/books/62610237a44704243ce3c191 HTTP/1.1" 500 84 "-" "PostmanRuntime/7.29.0"
::1 - - [22/Apr/2022:01:02:46 +0000] "PUT /api/v1/books/62610237a44704243ce3c191 HTTP/1.1" 500 84 "-" "PostmanRuntime/7.29.0"
::1 - - [22/Apr/2022:01:03:19 +0000] "PUT /api/v1/books/62610237a44704243ce3c191 HTTP/1.1" 403 139 "-" "PostmanRuntime/7.29.0"
::1 - - [22/Apr/2022:01:03:37 +0000] "POST /api/v1/users/login HTTP/1.1" 200 446 "-" "PostmanRuntime/7.29.0"
::1 - - [22/Apr/2022:01:03:44 +0000] "PUT /api/v1/books/62610237a44704243ce3c191 HTTP/1.1" 403 139 "-" "PostmanRuntime/7.29.0"
::1 - - [22/Apr/2022:01:05:01 +0000] "POST /api/v1/users/login HTTP/1.1" 200 444 "-" "PostmanRuntime/7.29.0"
::1 - - [22/Apr/2022:01:05:10 +0000] "PUT /api/v1/books/62610237a44704243ce3c191 HTTP/1.1" 200 1743 "-" "PostmanRuntime/7.29.0"
::1 - - [22/Apr/2022:01:05:56 +0000] "DELETE /api/v1/books/62610237a44704243ce3c191 HTTP/1.1" 401 252 "-" "PostmanRuntime/7.29.0"
::1 - - [22/Apr/2022:01:06:06 +0000] "POST /api/v1/users/login HTTP/1.1" 200 444 "-" "PostmanRuntime/7.29.0"
::1 - - [22/Apr/2022:01:06:10 +0000] "DELETE /api/v1/books/62610237a44704243ce3c191 HTTP/1.1" 401 252 "-" "PostmanRuntime/7.29.0"
::1 - - [22/Apr/2022:01:06:21 +0000] "DELETE /api/v1/books/62610237a44704243ce3c191 HTTP/1.1" 200 1771 "-" "PostmanRuntime/7.29.0"
::1 - - [22/Apr/2022:01:24:33 +0000] "GET /api/v1/users/forget-password HTTP/1.1" 500 234 "-" "PostmanRuntime/7.29.0"
::1 - - [22/Apr/2022:01:25:26 +0000] "GET /api/v1/users/forget-password HTTP/1.1" 500 80 "-" "PostmanRuntime/7.29.0"
::1 - - [22/Apr/2022:01:26:36 +0000] "GET /api/v1/users/forget-password HTTP/1.1" 500 80 "-" "PostmanRuntime/7.29.0"
::1 - - [22/Apr/2022:01:26:46 +0000] "POST /api/v1/users/login HTTP/1.1" 200 444 "-" "PostmanRuntime/7.29.0"
::1 - - [22/Apr/2022:01:26:51 +0000] "GET /api/v1/users/forget-password HTTP/1.1" 500 234 "-" "PostmanRuntime/7.29.0"
::1 - - [22/Apr/2022:01:29:03 +0000] "GET /api/v1/users/forget-password HTTP/1.1" 500 80 "-" "PostmanRuntime/7.29.0"
::1 - - [22/Apr/2022:01:33:11 +0000] "GET /api/v1/users/forget-password HTTP/1.1" 500 80 "-" "PostmanRuntime/7.29.0"
::1 - - [22/Apr/2022:01:36:20 +0000] "POST /api/v1/users/forget-password HTTP/1.1" 500 80 "-" "PostmanRuntime/7.29.0"
::1 - - [22/Apr/2022:01:36:38 +0000] "POST /api/v1/users/forget-password HTTP/1.1" 500 80 "-" "PostmanRuntime/7.29.0"
::1 - - [22/Apr/2022:01:36:40 +0000] "POST /api/v1/users/forget-password HTTP/1.1" 500 80 "-" "PostmanRuntime/7.29.0"
::1 - - [22/Apr/2022:01:37:36 +0000] "POST /api/v1/users/login HTTP/1.1" 200 444 "-" "PostmanRuntime/7.29.0"
::1 - - [22/Apr/2022:01:37:40 +0000] "POST /api/v1/users/forget-password HTTP/1.1" 400 138 "-" "PostmanRuntime/7.29.0"
::1 - - [22/Apr/2022:01:39:31 +0000] "POST /api/v1/users/forget-password HTTP/1.1" 400 138 "-" "PostmanRuntime/7.29.0"
::1 - - [22/Apr/2022:01:40:46 +0000] "POST /api/v1/users/forget-password HTTP/1.1" 200 66 "-" "PostmanRuntime/7.29.0"
::1 - - [22/Apr/2022:01:44:11 +0000] "POST /api/v1/users/forget-password HTTP/1.1" 200 66 "-" "PostmanRuntime/7.29.0"
::1 - - [22/Apr/2022:01:45:23 +0000] "POST /api/v1/users/forget-password HTTP/1.1" 200 66 "-" "PostmanRuntime/7.29.0"
::1 - - [22/Apr/2022:01:54:14 +0000] "POST /api/v1/users/forget-password HTTP/1.1" 500 65 "-" "PostmanRuntime/7.29.0"
::1 - - [22/Apr/2022:01:55:20 +0000] "POST /api/v1/users/forget-password HTTP/1.1" 500 65 "-" "PostmanRuntime/7.29.0"
::1 - - [22/Apr/2022:01:57:45 +0000] "POST /api/v1/users/forget-password HTTP/1.1" 200 72 "-" "PostmanRuntime/7.29.0"
::1 - - [22/Apr/2022:01:58:29 +0000] "POST /api/v1/users/forget-password HTTP/1.1" 200 72 "-" "PostmanRuntime/7.29.0"
::1 - - [22/Apr/2022:02:05:16 +0000] "POST /api/v1/users/forget-password HTTP/1.1" 400 138 "-" "PostmanRuntime/7.29.0"
::1 - - [22/Apr/2022:02:09:16 +0000] "POST /api/v1/users/forget-password HTTP/1.1" 400 138 "-" "PostmanRuntime/7.29.0"
::1 - - [22/Apr/2022:02:09:24 +0000] "POST /api/v1/users/forget-password HTTP/1.1" 400 138 "-" "PostmanRuntime/7.29.0"
::1 - - [22/Apr/2022:02:09:32 +0000] "POST /api/v1/users/login HTTP/1.1" 200 444 "-" "PostmanRuntime/7.29.0"
::1 - - [22/Apr/2022:02:09:36 +0000] "POST /api/v1/users/forget-password HTTP/1.1" 400 138 "-" "PostmanRuntime/7.29.0"
::1 - - [22/Apr/2022:02:09:48 +0000] "POST /api/v1/users/forget-password HTTP/1.1" 200 72 "-" "PostmanRuntime/7.29.0"
::1 - - [22/Apr/2022:02:35:47 +0000] "POST /api/v1/users/forget-password HTTP/1.1" 500 62 "-" "PostmanRuntime/7.29.0"
::1 - - [22/Apr/2022:02:36:21 +0000] "POST /api/v1/users/forget-password HTTP/1.1" 500 96 "-" "PostmanRuntime/7.29.0"
::1 - - [22/Apr/2022:02:36:38 +0000] "POST /api/v1/users/login HTTP/1.1" 200 444 "-" "PostmanRuntime/7.29.0"
::1 - - [22/Apr/2022:02:36:44 +0000] "POST /api/v1/users/forget-password HTTP/1.1" 500 96 "-" "PostmanRuntime/7.29.0"
::1 - - [22/Apr/2022:03:02:29 +0000] "POST /api/v1/users/forget-password HTTP/1.1" 200 72 "-" "PostmanRuntime/7.29.0"
::1 - - [22/Apr/2022:03:09:37 +0000] "POST /api/v1/users/forget-password HTTP/1.1" 400 138 "-" "PostmanRuntime/7.29.0"
::1 - - [22/Apr/2022:03:09:51 +0000] "POST /api/v1/users/forget-password HTTP/1.1" 200 72 "-" "PostmanRuntime/7.29.0"
::1 - - [22/Apr/2022:03:10:08 +0000] "POST /api/v1/users/forget-password HTTP/1.1" 400 138 "-" "PostmanRuntime/7.29.0"
::1 - - [22/Apr/2022:03:11:58 +0000] "POST /api/v1/users/forget-password HTTP/1.1" 200 72 "-" "PostmanRuntime/7.29.0"
::1 - - [22/Apr/2022:03:12:22 +0000] "POST /api/v1/users/reset-password HTTP/1.1" 500 80 "-" "PostmanRuntime/7.29.0"
::1 - - [22/Apr/2022:03:14:40 +0000] "POST /api/v1/users/reset-password HTTP/1.1" 200 440 "-" "PostmanRuntime/7.29.0"
::1 - - [27/Apr/2022:10:01:08 +0000] "GET / HTTP/1.1" 404 139 "-" "Mozilla/5.0 (Windows NT 10.0; Win64; x64) AppleWebKit/537.36 (KHTML, like Gecko) Chrome/100.0.4896.127 Safari/537.36"
::1 - - [27/Apr/2022:11:12:08 +0000] "GET /api/v1/categories/5e90434cd433fa11b078ed8a HTTP/1.1" 200 8697 "-" "PostmanRuntime/7.29.0"
::1 - - [27/Apr/2022:13:43:09 +0000] "GET /api/v1/categories/5e90434cd433fa11b078ed8a HTTP/1.1" 200 8697 "-" "PostmanRuntime/7.29.0"
::1 - - [27/Apr/2022:13:46:29 +0000] "GET /api/v1/categories/5e90434cd433fa11b078ed8a HTTP/1.1" 200 8697 "-" "PostmanRuntime/7.29.0"
::1 - - [27/Apr/2022:13:46:30 +0000] "GET /api/v1/categories/5e90434cd433fa11b078ed8a HTTP/1.1" 200 8697 "-" "PostmanRuntime/7.29.0"
::1 - - [27/Apr/2022:13:46:32 +0000] "GET /api/v1/categories/5e90434cd433fa11b078ed8a HTTP/1.1" 200 8697 "-" "PostmanRuntime/7.29.0"
