::1 - - [27/Apr/2022:16:18:14 +0000] "POST /api/v1/users/login HTTP/1.1" 200 444 "-" "PostmanRuntime/7.29.0"
::1 - - [27/Apr/2022:16:18:57 +0000] "GET /api/v1/books/ HTTP/1.1" 200 10642 "-" "PostmanRuntime/7.29.0"
::1 - - [27/Apr/2022:16:42:28 +0000] "POST /api/v1/comments HTTP/1.1" 500 1809 "-" "PostmanRuntime/7.29.0"
::1 - - [27/Apr/2022:16:49:48 +0000] "POST /api/v1/comments HTTP/1.1" 200 194 "-" "PostmanRuntime/7.29.0"
::1 - - [27/Apr/2022:16:51:22 +0000] "POST /api/v1/comments HTTP/1.1" 500 1723 "-" "PostmanRuntime/7.29.0"
::1 - - [27/Apr/2022:16:55:59 +0000] "POST /api/v1/comments HTTP/1.1" 200 194 "-" "PostmanRuntime/7.29.0"
::1 - - [27/Apr/2022:17:02:51 +0000] "PUT /api/v1/comments/2 HTTP/1.1" 200 194 "-" "PostmanRuntime/7.29.0"
::1 - - [27/Apr/2022:17:03:45 +0000] "PUT /api/v1/comments/2 HTTP/1.1" 200 158 "-" "PostmanRuntime/7.29.0"
::1 - - [27/Apr/2022:17:07:03 +0000] "POST /api/v1/comments HTTP/1.1" 200 199 "-" "PostmanRuntime/7.29.0"
::1 - - [27/Apr/2022:17:07:44 +0000] "DELETE /api/v1/comments/5 HTTP/1.1" 200 195 "-" "PostmanRuntime/7.29.0"
::1 - - [27/Apr/2022:17:11:48 +0000] "GET /api/v1/comments/2 HTTP/1.1" 200 158 "-" "PostmanRuntime/7.29.0"
::1 - - [27/Apr/2022:17:11:58 +0000] "GET /api/v1/comments/4 HTTP/1.1" 200 190 "-" "PostmanRuntime/7.29.0"
::1 - - [27/Apr/2022:17:12:01 +0000] "GET /api/v1/comments/40 HTTP/1.1" 400 104 "-" "PostmanRuntime/7.29.0"
::1 - - [28/Apr/2022:04:21:23 +0000] "GET /api/v1/comments?select=name%20price&sort=-price&price[&lt]=30000&page=3 HTTP/1.1" 500 346 "-" "PostmanRuntime/7.29.0"
::1 - - [28/Apr/2022:04:37:23 +0000] "GET /api/v1/comments?select=name%20price&sort=-price&price[&lt]=30000&page=3 HTTP/1.1" 200 96 "-" "PostmanRuntime/7.29.0"
::1 - - [28/Apr/2022:04:38:17 +0000] "GET /api/v1/comments?select=name%20price&sort=-price&price[&lt]=30000&page=3 HTTP/1.1" 200 751 "-" "PostmanRuntime/7.29.0"
::1 - - [28/Apr/2022:04:40:38 +0000] "GET /api/v1/comments?select=name%20price&sort=-price&userId=1&page=3 HTTP/1.1" 200 751 "-" "PostmanRuntime/7.29.0"
::1 - - [28/Apr/2022:04:48:44 +0000] "GET /api/v1/comments?select=name%20price%20&sort=-price&userId=2&page=3 HTTP/1.1" 200 132 "-" "PostmanRuntime/7.29.0"
::1 - - [28/Apr/2022:04:49:24 +0000] "GET /api/v1/comments?select=name%20price%20create_at&sort=-price&userId=2&page=3 HTTP/1.1" 200 132 "-" "PostmanRuntime/7.29.0"
::1 - - [28/Apr/2022:04:57:37 +0000] "GET /api/v1/comments?select=userId%20bookId%20comment&sort=-price&userId=2&page=3 HTTP/1.1" 200 185 "-" "PostmanRuntime/7.29.0"
::1 - - [28/Apr/2022:05:19:59 +0000] "GET /api/v1/comments?select=userId%20bookId%20comment&sort=-price&userId=2&page=3 HTTP/1.1" 200 185 "-" "PostmanRuntime/7.29.0"
::1 - - [28/Apr/2022:06:43:40 +0000] "GET /api/v1/comments?select=userId%20bookId%20comment&sort=-price&userId=2&page=3 HTTP/1.1" 500 852 "-" "PostmanRuntime/7.29.0"
::1 - - [28/Apr/2022:06:49:09 +0000] "GET /api/v1/comments?select=userId%20bookId%20comment&sort=-userId&limit=5&page=2 HTTP/1.1" 200 470 "-" "PostmanRuntime/7.29.0"
::1 - - [28/Apr/2022:06:50:09 +0000] "GET /api/v1/comments HTTP/1.1" 200 713 "-" "PostmanRuntime/7.29.0"
::1 - - [28/Apr/2022:06:50:17 +0000] "GET /api/v1/comments?select=userId%20bookId%20comment&sort=-userId&limit=5&page=2 HTTP/1.1" 200 470 "-" "PostmanRuntime/7.29.0"
::1 - - [28/Apr/2022:07:06:37 +0000] "GET /api/v1/comments/4 HTTP/1.1" 200 855 "-" "PostmanRuntime/7.29.0"
::1 - - [28/Apr/2022:07:06:57 +0000] "GET /api/v1/comments/4 HTTP/1.1" 200 480 "-" "PostmanRuntime/7.29.0"
::1 - - [28/Apr/2022:07:09:15 +0000] "GET /api/v1/comments/4 HTTP/1.1" 200 318 "-" "PostmanRuntime/7.29.0"
::1 - - [28/Apr/2022:07:13:56 +0000] "GET /api/v1/comments/4 HTTP/1.1" 200 351 "-" "PostmanRuntime/7.29.0"
::1 - - [28/Apr/2022:07:15:21 +0000] "GET /api/v1/comments/4 HTTP/1.1" 200 351 "-" "PostmanRuntime/7.29.0"
::1 - - [28/Apr/2022:07:22:16 +0000] "GET /api/v1/comments HTTP/1.1" 500 62 "-" "PostmanRuntime/7.29.0"
::1 - - [28/Apr/2022:07:22:20 +0000] "GET /api/v1/comments HTTP/1.1" 500 62 "-" "PostmanRuntime/7.29.0"
::1 - - [28/Apr/2022:07:23:02 +0000] "GET /api/v1/comments HTTP/1.1" 200 713 "-" "PostmanRuntime/7.29.0"
::1 - - [28/Apr/2022:07:23:11 +0000] "GET /api/v1/comments/4 HTTP/1.1" 200 2631 "-" "PostmanRuntime/7.29.0"
::1 - - [28/Apr/2022:07:26:02 +0000] "GET /api/v1/comments/4 HTTP/1.1" 200 2837 "-" "PostmanRuntime/7.29.0"
::1 - - [28/Apr/2022:07:27:29 +0000] "GET /api/v1/comments/4 HTTP/1.1" 200 656 "-" "PostmanRuntime/7.29.0"
::1 - - [28/Apr/2022:07:27:32 +0000] "GET /api/v1/comments/4 HTTP/1.1" 200 656 "-" "PostmanRuntime/7.29.0"
::1 - - [28/Apr/2022:07:52:09 +0000] "GET /api/v1/users/comments HTTP/1.1" 500 213 "-" "PostmanRuntime/7.29.0"
::1 - - [28/Apr/2022:07:52:24 +0000] "GET /api/v1/users/1/comments HTTP/1.1" 200 115 "-" "PostmanRuntime/7.29.0"
::1 - - [28/Apr/2022:07:54:34 +0000] "GET /api/v1/users/1/comments HTTP/1.1" 200 1263 "-" "PostmanRuntime/7.29.0"
::1 - - [28/Apr/2022:08:03:51 +0000] "GET /api/v1/books/3/comments HTTP/1.1" 200 1448 "-" "PostmanRuntime/7.29.0"
::1 - - [28/Apr/2022:08:05:50 +0000] "GET /api/v1/books/3/comments HTTP/1.1" 200 1448 "-" "PostmanRuntime/7.29.0"
::1 - - [28/Apr/2022:08:14:52 +0000] "GET /api/v1/books/3/comments HTTP/1.1" 200 1448 "-" "PostmanRuntime/7.29.0"
::1 - - [28/Apr/2022:08:23:08 +0000] "GET /api/v1/users/2/comments HTTP/1.1" 200 662 "-" "PostmanRuntime/7.29.0"
::1 - - [28/Apr/2022:08:31:44 +0000] "GET /api/v1/comments/4 HTTP/1.1" 200 1013 "-" "PostmanRuntime/7.29.0"
::1 - - [28/Apr/2022:08:34:10 +0000] "GET /api/v1/comments/4 HTTP/1.1" 200 763 "-" "PostmanRuntime/7.29.0"
::1 - - [28/Apr/2022:08:36:23 +0000] "GET /api/v1/comments/4 HTTP/1.1" 200 926 "-" "PostmanRuntime/7.29.0"
::1 - - [28/Apr/2022:08:41:22 +0000] "GET /api/v1/comments/4 HTTP/1.1" 200 1137 "-" "PostmanRuntime/7.29.0"
::1 - - [28/Apr/2022:08:46:06 +0000] "POST /api/v1/comments HTTP/1.1" 500 80 "-" "PostmanRuntime/7.29.0"
::1 - - [28/Apr/2022:08:46:10 +0000] "POST /api/v1/comments HTTP/1.1" 500 80 "-" "PostmanRuntime/7.29.0"
::1 - - [28/Apr/2022:08:46:11 +0000] "POST /api/v1/comments HTTP/1.1" 500 80 "-" "PostmanRuntime/7.29.0"
::1 - - [28/Apr/2022:08:48:00 +0000] "POST /api/v1/comments HTTP/1.1" 500 80 "-" "PostmanRuntime/7.29.0"
::1 - - [28/Apr/2022:08:48:03 +0000] "POST /api/v1/comments HTTP/1.1" 500 80 "-" "PostmanRuntime/7.29.0"
::1 - - [28/Apr/2022:08:48:27 +0000] "POST /api/v1/comments HTTP/1.1" 500 80 "-" "PostmanRuntime/7.29.0"
::1 - - [28/Apr/2022:08:48:28 +0000] "POST /api/v1/comments HTTP/1.1" 500 80 "-" "PostmanRuntime/7.29.0"
::1 - - [28/Apr/2022:08:54:00 +0000] "POST /api/v1/comments HTTP/1.1" 500 80 "-" "PostmanRuntime/7.29.0"
::1 - - [28/Apr/2022:08:54:02 +0000] "POST /api/v1/comments HTTP/1.1" 500 80 "-" "PostmanRuntime/7.29.0"
::1 - - [28/Apr/2022:08:54:03 +0000] "POST /api/v1/comments HTTP/1.1" 500 80 "-" "PostmanRuntime/7.29.0"
::1 - - [28/Apr/2022:08:54:04 +0000] "POST /api/v1/comments HTTP/1.1" 500 80 "-" "PostmanRuntime/7.29.0"
::1 - - [28/Apr/2022:08:55:17 +0000] "POST /api/v1/comments HTTP/1.1" 500 80 "-" "PostmanRuntime/7.29.0"
::1 - - [28/Apr/2022:08:55:27 +0000] "POST /api/v1/comments HTTP/1.1" 500 80 "-" "PostmanRuntime/7.29.0"
::1 - - [28/Apr/2022:08:55:33 +0000] "POST /api/v1/comments HTTP/1.1" 500 80 "-" "PostmanRuntime/7.29.0"
::1 - - [28/Apr/2022:08:55:34 +0000] "POST /api/v1/comments HTTP/1.1" 500 80 "-" "PostmanRuntime/7.29.0"
::1 - - [28/Apr/2022:12:17:40 +0000] "GET / HTTP/1.1" 404 139 "-" "Mozilla/5.0 (Windows NT 10.0; Win64; x64) AppleWebKit/537.36 (KHTML, like Gecko) Chrome/100.0.4896.127 Safari/537.36"
::1 - - [28/Apr/2022:12:33:59 +0000] "GET /api/v1/books HTTP/1.1" 200 10642 "-" "Mozilla/5.0 (Windows NT 10.0; Win64; x64) AppleWebKit/537.36 (KHTML, like Gecko) Chrome/100.0.4896.127 Safari/537.36"
::1 - - [28/Apr/2022:12:33:59 +0000] "GET /images/icons/gear.png HTTP/1.1" 404 160 "http://localhost:8000/api/v1/books" "Mozilla/5.0 (Windows NT 10.0; Win64; x64) AppleWebKit/537.36 (KHTML, like Gecko) Chrome/100.0.4896.127 Safari/537.36"
::1 - - [28/Apr/2022:12:34:00 +0000] "GET /favicon.ico HTTP/1.1" 404 150 "http://localhost:8000/api/v1/books" "Mozilla/5.0 (Windows NT 10.0; Win64; x64) AppleWebKit/537.36 (KHTML, like Gecko) Chrome/100.0.4896.127 Safari/537.36"
::1 - - [28/Apr/2022:14:30:11 +0000] "POST /api/v1/users/login HTTP/1.1" 200 444 "-" "PostmanRuntime/7.29.0"
::1 - - [28/Apr/2022:14:30:45 +0000] "OPTIONS /api/v1/users/login HTTP/1.1" 401 252 "http://localhost:3000/" "Mozilla/5.0 (Windows NT 10.0; Win64; x64) AppleWebKit/537.36 (KHTML, like Gecko) Chrome/100.0.4896.127 Safari/537.36"
::1 - - [28/Apr/2022:14:30:54 +0000] "OPTIONS /api/v1/users/login HTTP/1.1" 401 252 "http://localhost:3000/" "Mozilla/5.0 (Windows NT 10.0; Win64; x64) AppleWebKit/537.36 (KHTML, like Gecko) Chrome/100.0.4896.127 Safari/537.36"
::1 - - [28/Apr/2022:14:31:21 +0000] "GET /api/v1/books/ HTTP/1.1" 200 10642 "-" "PostmanRuntime/7.29.0"
::1 - - [28/Apr/2022:14:32:59 +0000] "OPTIONS /api/v1/users/login HTTP/1.1" 401 252 "http://localhost:3000/" "Mozilla/5.0 (Windows NT 10.0; Win64; x64) AppleWebKit/537.36 (KHTML, like Gecko) Chrome/100.0.4896.127 Safari/537.36"
::1 - - [28/Apr/2022:14:33:38 +0000] "OPTIONS /api/v1/users/login HTTP/1.1" 401 252 "http://localhost:3000/" "Mozilla/5.0 (Windows NT 10.0; Win64; x64) AppleWebKit/537.36 (KHTML, like Gecko) Chrome/100.0.4896.127 Safari/537.36"
::1 - - [28/Apr/2022:14:33:40 +0000] "OPTIONS /api/v1/users/login HTTP/1.1" 401 252 "http://localhost:3000/" "Mozilla/5.0 (Windows NT 10.0; Win64; x64) AppleWebKit/537.36 (KHTML, like Gecko) Chrome/100.0.4896.127 Safari/537.36"
::1 - - [28/Apr/2022:14:33:40 +0000] "OPTIONS /api/v1/users/login HTTP/1.1" 401 252 "http://localhost:3000/" "Mozilla/5.0 (Windows NT 10.0; Win64; x64) AppleWebKit/537.36 (KHTML, like Gecko) Chrome/100.0.4896.127 Safari/537.36"
::1 - - [28/Apr/2022:14:33:41 +0000] "OPTIONS /api/v1/users/login HTTP/1.1" 401 252 "http://localhost:3000/" "Mozilla/5.0 (Windows NT 10.0; Win64; x64) AppleWebKit/537.36 (KHTML, like Gecko) Chrome/100.0.4896.127 Safari/537.36"
::1 - - [28/Apr/2022:14:33:50 +0000] "OPTIONS /api/v1/users/login HTTP/1.1" 401 252 "http://localhost:3000/" "Mozilla/5.0 (Windows NT 10.0; Win64; x64) AppleWebKit/537.36 (KHTML, like Gecko) Chrome/100.0.4896.127 Safari/537.36"
::1 - - [28/Apr/2022:14:36:49 +0000] "OPTIONS /api/v1/users/login HTTP/1.1" 401 252 "http://localhost:3000/" "Mozilla/5.0 (Windows NT 10.0; Win64; x64) AppleWebKit/537.36 (KHTML, like Gecko) Chrome/100.0.4896.127 Safari/537.36"
