::1 - - [29/Apr/2022:05:04:04 +0000] "POST /api/v1/users/login HTTP/1.1" 200 444 "-" "PostmanRuntime/7.29.0"
::1 - - [29/Apr/2022:05:06:01 +0000] "GET /images/icons/gear.png HTTP/1.1" 404 160 "http://localhost:8000/api/v1/books" "Mozilla/5.0 (Windows NT 10.0; Win64; x64) AppleWebKit/537.36 (KHTML, like Gecko) Chrome/101.0.4951.41 Safari/537.36"
::1 - - [29/Apr/2022:05:06:02 +0000] "GET /favicon.ico HTTP/1.1" 404 150 "http://localhost:8000/api/v1/books" "Mozilla/5.0 (Windows NT 10.0; Win64; x64) AppleWebKit/537.36 (KHTML, like Gecko) Chrome/101.0.4951.41 Safari/537.36"
::1 - - [29/Apr/2022:05:06:49 +0000] "POST /api/v1/users/login HTTP/1.1" 200 444 "http://localhost:3000/" "Mozilla/5.0 (Windows NT 10.0; Win64; x64) AppleWebKit/537.36 (KHTML, like Gecko) Chrome/101.0.4951.41 Safari/537.36"
::1 - - [29/Apr/2022:05:06:50 +0000] "GET /api/v1/books?limit=50 HTTP/1.1" 200 30592 "http://localhost:3000/" "Mozilla/5.0 (Windows NT 10.0; Win64; x64) AppleWebKit/537.36 (KHTML, like Gecko) Chrome/101.0.4951.41 Safari/537.36"
::1 - - [29/Apr/2022:05:06:58 +0000] "GET /api/v1/books/62610237a44704243ce3c193 HTTP/1.1" 200 1916 "http://localhost:3000/" "Mozilla/5.0 (Windows NT 10.0; Win64; x64) AppleWebKit/537.36 (KHTML, like Gecko) Chrome/101.0.4951.41 Safari/537.36"
::1 - - [29/Apr/2022:05:07:03 +0000] "PUT /api/v1/books/62610237a44704243ce3c193 HTTP/1.1" 500 84 "http://localhost:3000/" "Mozilla/5.0 (Windows NT 10.0; Win64; x64) AppleWebKit/537.36 (KHTML, like Gecko) Chrome/101.0.4951.41 Safari/537.36"
::1 - - [29/Apr/2022:05:07:12 +0000] "PUT /api/v1/books/62610237a44704243ce3c193 HTTP/1.1" 500 84 "http://localhost:3000/" "Mozilla/5.0 (Windows NT 10.0; Win64; x64) AppleWebKit/537.36 (KHTML, like Gecko) Chrome/101.0.4951.41 Safari/537.36"
::1 - - [29/Apr/2022:05:07:26 +0000] "PUT /api/v1/books/62610237a44704243ce3c193 HTTP/1.1" 500 84 "http://localhost:3000/" "Mozilla/5.0 (Windows NT 10.0; Win64; x64) AppleWebKit/537.36 (KHTML, like Gecko) Chrome/101.0.4951.41 Safari/537.36"
::1 - - [29/Apr/2022:05:07:39 +0000] "PUT /api/v1/books/62610237a44704243ce3c193 HTTP/1.1" 500 84 "http://localhost:3000/" "Mozilla/5.0 (Windows NT 10.0; Win64; x64) AppleWebKit/537.36 (KHTML, like Gecko) Chrome/101.0.4951.41 Safari/537.36"
::1 - - [29/Apr/2022:05:07:51 +0000] "GET /api/v1/books?limit=50 HTTP/1.1" 304 - "http://localhost:3000/" "Mozilla/5.0 (Windows NT 10.0; Win64; x64) AppleWebKit/537.36 (KHTML, like Gecko) Chrome/101.0.4951.41 Safari/537.36"
::1 - - [29/Apr/2022:05:07:55 +0000] "GET /api/v1/books/62610237a44704243ce3c192 HTTP/1.1" 200 1899 "http://localhost:3000/" "Mozilla/5.0 (Windows NT 10.0; Win64; x64) AppleWebKit/537.36 (KHTML, like Gecko) Chrome/101.0.4951.41 Safari/537.36"
::1 - - [29/Apr/2022:05:08:07 +0000] "PUT /api/v1/books/62610237a44704243ce3c192 HTTP/1.1" 500 84 "http://localhost:3000/" "Mozilla/5.0 (Windows NT 10.0; Win64; x64) AppleWebKit/537.36 (KHTML, like Gecko) Chrome/101.0.4951.41 Safari/537.36"
::1 - - [29/Apr/2022:05:08:15 +0000] "PUT /api/v1/books/62610237a44704243ce3c192 HTTP/1.1" 500 84 "http://localhost:3000/" "Mozilla/5.0 (Windows NT 10.0; Win64; x64) AppleWebKit/537.36 (KHTML, like Gecko) Chrome/101.0.4951.41 Safari/537.36"
::1 - - [29/Apr/2022:05:09:08 +0000] "GET /api/v1/categories/5e90434cd433fa11b078ed8a/books HTTP/1.1" 200 3670 "-" "PostmanRuntime/7.29.0"
::1 - - [29/Apr/2022:05:09:16 +0000] "GET /api/v1/books/62610237a44704243ce3c192 HTTP/1.1" 304 - "-" "Mozilla/5.0 (Windows NT 10.0; Win64; x64) AppleWebKit/537.36 (KHTML, like Gecko) Chrome/101.0.4951.41 Safari/537.36"
::1 - - [29/Apr/2022:05:09:16 +0000] "GET /images/icons/gear.png HTTP/1.1" 404 160 "http://localhost:8000/api/v1/books/62610237a44704243ce3c192" "Mozilla/5.0 (Windows NT 10.0; Win64; x64) AppleWebKit/537.36 (KHTML, like Gecko) Chrome/101.0.4951.41 Safari/537.36"
::1 - - [29/Apr/2022:05:09:29 +0000] "GET /api/v1/books/62610237a44704243ce3c192 HTTP/1.1" 304 - "-" "Mozilla/5.0 (Windows NT 10.0; Win64; x64) AppleWebKit/537.36 (KHTML, like Gecko) Chrome/101.0.4951.41 Safari/537.36"
::1 - - [29/Apr/2022:05:09:30 +0000] "GET /images/icons/gear.png HTTP/1.1" 404 160 "http://localhost:8000/api/v1/books/62610237a44704243ce3c192" "Mozilla/5.0 (Windows NT 10.0; Win64; x64) AppleWebKit/537.36 (KHTML, like Gecko) Chrome/101.0.4951.41 Safari/537.36"
::1 - - [29/Apr/2022:05:10:45 +0000] "GET /api/v1/books/624e541ee4b25cf26da16221 HTTP/1.1" 404 125 "-" "PostmanRuntime/7.29.0"
::1 - - [29/Apr/2022:05:10:48 +0000] "GET /api/v1/books/624e541ee4b25cf26da16221 HTTP/1.1" 404 125 "-" "PostmanRuntime/7.29.0"
::1 - - [29/Apr/2022:05:10:56 +0000] "GET /api/v1/books/62610237a44704243ce3c192 HTTP/1.1" 200 1899 "-" "PostmanRuntime/7.29.0"
::1 - - [29/Apr/2022:05:12:37 +0000] "DELETE /api/v1/books/62610237a44704243ce3c192 HTTP/1.1" 500 84 "http://localhost:3000/" "Mozilla/5.0 (Windows NT 10.0; Win64; x64) AppleWebKit/537.36 (KHTML, like Gecko) Chrome/101.0.4951.41 Safari/537.36"
::1 - - [29/Apr/2022:05:12:40 +0000] "DELETE /api/v1/books/62610237a44704243ce3c192 HTTP/1.1" 500 84 "http://localhost:3000/" "Mozilla/5.0 (Windows NT 10.0; Win64; x64) AppleWebKit/537.36 (KHTML, like Gecko) Chrome/101.0.4951.41 Safari/537.36"
::1 - - [29/Apr/2022:05:12:44 +0000] "DELETE /api/v1/books/62610237a44704243ce3c192 HTTP/1.1" 500 84 "http://localhost:3000/" "Mozilla/5.0 (Windows NT 10.0; Win64; x64) AppleWebKit/537.36 (KHTML, like Gecko) Chrome/101.0.4951.41 Safari/537.36"
::1 - - [29/Apr/2022:05:13:25 +0000] "GET /api/v1/books?limit=50 HTTP/1.1" 304 - "http://localhost:3000/" "Mozilla/5.0 (Windows NT 10.0; Win64; x64) AppleWebKit/537.36 (KHTML, like Gecko) Chrome/101.0.4951.41 Safari/537.36"
::1 - - [29/Apr/2022:05:14:08 +0000] "GET /api/v1/books/62610237a44704243ce3c194 HTTP/1.1" 200 1989 "http://localhost:3000/" "Mozilla/5.0 (Windows NT 10.0; Win64; x64) AppleWebKit/537.36 (KHTML, like Gecko) Chrome/101.0.4951.41 Safari/537.36"
::1 - - [29/Apr/2022:05:14:11 +0000] "PUT /api/v1/books/62610237a44704243ce3c194 HTTP/1.1" 500 84 "http://localhost:3000/" "Mozilla/5.0 (Windows NT 10.0; Win64; x64) AppleWebKit/537.36 (KHTML, like Gecko) Chrome/101.0.4951.41 Safari/537.36"
::1 - - [29/Apr/2022:10:01:00 +0000] "POST /api/v1/users/login HTTP/1.1" 200 444 "-" "PostmanRuntime/7.29.0"
::1 - - [29/Apr/2022:10:04:23 +0000] "GET /api/v1/users HTTP/1.1" 200 524 "-" "PostmanRuntime/7.29.0"
::1 - - [29/Apr/2022:10:04:49 +0000] "GET /api/v1/users HTTP/1.1" 500 172 "-" "PostmanRuntime/7.29.0"
::1 - - [29/Apr/2022:10:04:51 +0000] "GET /api/v1/users HTTP/1.1" 500 172 "-" "PostmanRuntime/7.29.0"
::1 - - [29/Apr/2022:10:04:58 +0000] "POST /api/v1/users/register HTTP/1.1" 200 436 "-" "PostmanRuntime/7.29.0"
::1 - - [29/Apr/2022:10:05:03 +0000] "GET /api/v1/users HTTP/1.1" 403 150 "-" "PostmanRuntime/7.29.0"
::1 - - [29/Apr/2022:10:05:23 +0000] "POST /api/v1/users/login HTTP/1.1" 200 444 "-" "PostmanRuntime/7.29.0"
::1 - - [29/Apr/2022:10:05:26 +0000] "GET /api/v1/users HTTP/1.1" 200 663 "-" "PostmanRuntime/7.29.0"
::1 - - [29/Apr/2022:10:09:28 +0000] "GET /api/v1/users HTTP/1.1" 500 172 "-" "PostmanRuntime/7.29.0"
::1 - - [29/Apr/2022:15:17:02 +0000] "POST /api/v1/users/login HTTP/1.1" 200 444 "-" "PostmanRuntime/7.29.0"
::1 - - [29/Apr/2022:15:17:05 +0000] "GET /api/v1/users HTTP/1.1" 200 663 "-" "PostmanRuntime/7.29.0"
::1 - - [29/Apr/2022:15:38:21 +0000] "POST /api/v1/users/login HTTP/1.1" 401 123 "http://localhost:3000/" "Mozilla/5.0 (Windows NT 10.0; Win64; x64) AppleWebKit/537.36 (KHTML, like Gecko) Chrome/101.0.4951.41 Safari/537.36"
::1 - - [29/Apr/2022:15:38:31 +0000] "POST /api/v1/users/login HTTP/1.1" 200 444 "http://localhost:3000/" "Mozilla/5.0 (Windows NT 10.0; Win64; x64) AppleWebKit/537.36 (KHTML, like Gecko) Chrome/101.0.4951.41 Safari/537.36"
::1 - - [29/Apr/2022:15:38:31 +0000] "GET /api/v1/books?limit=8 HTTP/1.1" 200 15725 "http://localhost:3000/" "Mozilla/5.0 (Windows NT 10.0; Win64; x64) AppleWebKit/537.36 (KHTML, like Gecko) Chrome/101.0.4951.41 Safari/537.36"
::1 - - [29/Apr/2022:15:38:41 +0000] "GET /api/v1/books/62610237a44704243ce3c192 HTTP/1.1" 304 - "http://localhost:3000/" "Mozilla/5.0 (Windows NT 10.0; Win64; x64) AppleWebKit/537.36 (KHTML, like Gecko) Chrome/101.0.4951.41 Safari/537.36"
::1 - - [29/Apr/2022:15:38:43 +0000] "DELETE /api/v1/books/62610237a44704243ce3c192 HTTP/1.1" 500 84 "http://localhost:3000/" "Mozilla/5.0 (Windows NT 10.0; Win64; x64) AppleWebKit/537.36 (KHTML, like Gecko) Chrome/101.0.4951.41 Safari/537.36"
::1 - - [29/Apr/2022:15:38:54 +0000] "PUT /api/v1/books/62610237a44704243ce3c192 HTTP/1.1" 500 84 "http://localhost:3000/" "Mozilla/5.0 (Windows NT 10.0; Win64; x64) AppleWebKit/537.36 (KHTML, like Gecko) Chrome/101.0.4951.41 Safari/537.36"
::1 - - [29/Apr/2022:15:39:01 +0000] "GET /api/v1/books?limit=8 HTTP/1.1" 304 - "http://localhost:3000/" "Mozilla/5.0 (Windows NT 10.0; Win64; x64) AppleWebKit/537.36 (KHTML, like Gecko) Chrome/101.0.4951.41 Safari/537.36"
::1 - - [29/Apr/2022:15:39:25 +0000] "GET /api/v1/books?limit=8 HTTP/1.1" 304 - "http://localhost:3000/" "Mozilla/5.0 (Windows NT 10.0; Win64; x64) AppleWebKit/537.36 (KHTML, like Gecko) Chrome/101.0.4951.41 Safari/537.36"
::1 - - [29/Apr/2022:15:39:27 +0000] "GET /api/v1/books/62610237a44704243ce3c194 HTTP/1.1" 304 - "http://localhost:3000/" "Mozilla/5.0 (Windows NT 10.0; Win64; x64) AppleWebKit/537.36 (KHTML, like Gecko) Chrome/101.0.4951.41 Safari/537.36"
::1 - - [29/Apr/2022:15:39:28 +0000] "PUT /api/v1/books/62610237a44704243ce3c194 HTTP/1.1" 500 84 "http://localhost:3000/" "Mozilla/5.0 (Windows NT 10.0; Win64; x64) AppleWebKit/537.36 (KHTML, like Gecko) Chrome/101.0.4951.41 Safari/537.36"
::1 - - [29/Apr/2022:15:39:30 +0000] "GET /api/v1/books?limit=8 HTTP/1.1" 304 - "http://localhost:3000/" "Mozilla/5.0 (Windows NT 10.0; Win64; x64) AppleWebKit/537.36 (KHTML, like Gecko) Chrome/101.0.4951.41 Safari/537.36"
::1 - - [29/Apr/2022:15:39:32 +0000] "GET /api/v1/books/62610237a44704243ce3c194 HTTP/1.1" 304 - "http://localhost:3000/" "Mozilla/5.0 (Windows NT 10.0; Win64; x64) AppleWebKit/537.36 (KHTML, like Gecko) Chrome/101.0.4951.41 Safari/537.36"
::1 - - [29/Apr/2022:15:39:33 +0000] "DELETE /api/v1/books/62610237a44704243ce3c194 HTTP/1.1" 500 84 "http://localhost:3000/" "Mozilla/5.0 (Windows NT 10.0; Win64; x64) AppleWebKit/537.36 (KHTML, like Gecko) Chrome/101.0.4951.41 Safari/537.36"
::1 - - [29/Apr/2022:15:39:53 +0000] "GET /api/v1/books?limit=8 HTTP/1.1" 304 - "http://localhost:3000/" "Mozilla/5.0 (Windows NT 10.0; Win64; x64) AppleWebKit/537.36 (KHTML, like Gecko) Chrome/101.0.4951.41 Safari/537.36"
::1 - - [29/Apr/2022:15:39:54 +0000] "GET /api/v1/users/logout HTTP/1.1" 200 39 "http://localhost:3000/" "Mozilla/5.0 (Windows NT 10.0; Win64; x64) AppleWebKit/537.36 (KHTML, like Gecko) Chrome/101.0.4951.41 Safari/537.36"
